0000000246241781 circpad_cell_event_nonpadding_received
0000000246241782 circpad_cell_event_nonpadding_sent
0000000739082510 circpad_cell_event_nonpadding_received
0000000739188846 circpad_cell_event_nonpadding_received
0000000427497357 circpad_cell_event_nonpadding_sent
0000064728401232 circpad_cell_event_nonpadding_received
0000064427725040 circpad_cell_event_nonpadding_sent
0000064937509916 circpad_cell_event_nonpadding_received
0000064659283164 circpad_cell_event_nonpadding_sent
0000064659419561 circpad_cell_event_nonpadding_sent
0000064659478539 circpad_cell_event_nonpadding_sent
0000064659522411 circpad_cell_event_nonpadding_sent
0000064659560483 circpad_cell_event_nonpadding_sent
0000064659596716 circpad_cell_event_nonpadding_sent
0000064659634615 circpad_cell_event_nonpadding_sent
0000064740268135 circpad_cell_event_nonpadding_sent
0000065236045137 circpad_cell_event_nonpadding_received
0000064939372694 circpad_cell_event_nonpadding_sent
0000065432281875 circpad_cell_event_nonpadding_received
0000065139942105 circpad_cell_event_nonpadding_sent
0000065140054446 circpad_cell_event_nonpadding_sent
0000065140105903 circpad_cell_event_nonpadding_sent
0000065140145233 circpad_cell_event_nonpadding_sent
0000065140175161 circpad_cell_event_nonpadding_sent
0000065140206006 circpad_cell_event_nonpadding_sent
0000065140239085 circpad_cell_event_nonpadding_sent
0000065215164094 circpad_cell_event_nonpadding_sent
0000065215281219 circpad_cell_event_nonpadding_sent
0000065225098784 circpad_cell_event_nonpadding_sent
0000065225200714 circpad_cell_event_nonpadding_sent
0000065225243945 circpad_cell_event_nonpadding_sent
0000065225323655 circpad_cell_event_nonpadding_sent
0000065225364048 circpad_cell_event_nonpadding_sent
0000065225396568 circpad_cell_event_nonpadding_sent
0000065225431460 circpad_cell_event_nonpadding_sent
0000065225525383 circpad_cell_event_nonpadding_sent
0000065719779118 circpad_cell_event_nonpadding_received
0000065722648933 circpad_cell_event_nonpadding_received
0000080519712111 circpad_cell_event_nonpadding_received
0000080453128448 circpad_cell_event_nonpadding_sent
0000080961533368 circpad_cell_event_nonpadding_received
0000080864132243 circpad_cell_event_nonpadding_sent
0000080864248246 circpad_cell_event_nonpadding_sent
0000080864297545 circpad_cell_event_nonpadding_sent
0000080864364964 circpad_cell_event_nonpadding_sent
0000080864471857 circpad_cell_event_nonpadding_sent
0000080864668134 circpad_cell_event_nonpadding_sent
0000080865023780 circpad_cell_event_nonpadding_sent
0000081361481020 circpad_cell_event_nonpadding_received
0000081374380534 circpad_cell_event_nonpadding_sent
0000081867929907 circpad_cell_event_nonpadding_received
0000081886420258 circpad_cell_event_nonpadding_sent
0000081886534267 circpad_cell_event_nonpadding_sent
0000082379612391 circpad_cell_event_nonpadding_received
0000082383754217 circpad_cell_event_nonpadding_received
