0000000084298676 circpad_cell_event_nonpadding_received
0000000084657484 circpad_cell_event_nonpadding_received
0000000084657484 circpad_cell_event_nonpadding_sent
0000000253615320 circpad_cell_event_nonpadding_received
0000000254184474 circpad_cell_event_nonpadding_received
0000000261328469 circpad_cell_event_nonpadding_sent
0000097549777413 circpad_cell_event_nonpadding_received
0000097569129004 circpad_cell_event_nonpadding_sent
0000097753693712 circpad_cell_event_nonpadding_received
0000097795509669 circpad_cell_event_nonpadding_sent
0000097795623764 circpad_cell_event_nonpadding_sent
0000097795665056 circpad_cell_event_nonpadding_sent
0000097795696060 circpad_cell_event_nonpadding_sent
0000097795724098 circpad_cell_event_nonpadding_sent
0000097795750516 circpad_cell_event_nonpadding_sent
0000097795778830 circpad_cell_event_nonpadding_sent
0000097878962770 circpad_cell_event_nonpadding_sent
0000098053509463 circpad_cell_event_nonpadding_received
0000098088474287 circpad_cell_event_nonpadding_sent
0000098257857457 circpad_cell_event_nonpadding_received
0000098368491510 circpad_cell_event_nonpadding_sent
0000098368605036 circpad_cell_event_nonpadding_sent
0000098368646947 circpad_cell_event_nonpadding_sent
0000098368677495 circpad_cell_event_nonpadding_sent
0000098368704458 circpad_cell_event_nonpadding_sent
0000098368730484 circpad_cell_event_nonpadding_sent
0000098368758458 circpad_cell_event_nonpadding_sent
0000098448634574 circpad_cell_event_nonpadding_sent
0000098448777293 circpad_cell_event_nonpadding_sent
0000098448865160 circpad_cell_event_nonpadding_sent
0000098448889606 circpad_cell_event_nonpadding_sent
0000098448909031 circpad_cell_event_nonpadding_sent
0000098448929801 circpad_cell_event_nonpadding_sent
0000098448950856 circpad_cell_event_nonpadding_sent
0000098449004490 circpad_cell_event_nonpadding_sent
0000098449161947 circpad_cell_event_nonpadding_sent
0000098449234071 circpad_cell_event_nonpadding_sent
0000098619700451 circpad_cell_event_nonpadding_received
0000098622594800 circpad_cell_event_nonpadding_received
0000098654261225 circpad_cell_event_nonpadding_sent
0000105026688378 circpad_cell_event_nonpadding_received
0000105203625380 circpad_cell_event_nonpadding_sent
0000105388313283 circpad_cell_event_nonpadding_received
0000105618938796 circpad_cell_event_nonpadding_sent
0000105619067936 circpad_cell_event_nonpadding_sent
0000105619123094 circpad_cell_event_nonpadding_sent
0000105619162161 circpad_cell_event_nonpadding_sent
0000105619261709 circpad_cell_event_nonpadding_sent
0000105619304529 circpad_cell_event_nonpadding_sent
0000105619357084 circpad_cell_event_nonpadding_sent
0000105792095602 circpad_cell_event_nonpadding_received
0000106024662926 circpad_cell_event_nonpadding_sent
0000106193880555 circpad_cell_event_nonpadding_received
0000106432442413 circpad_cell_event_nonpadding_sent
0000106432531595 circpad_cell_event_nonpadding_sent
0000106601590562 circpad_cell_event_nonpadding_received
0000106604429187 circpad_cell_event_nonpadding_received
