0000000248593584 circpad_cell_event_nonpadding_received
0000000248593585 circpad_cell_event_nonpadding_sent
0000000746683105 circpad_cell_event_nonpadding_received
0000000473617177 circpad_cell_event_nonpadding_sent
0000039580901174 circpad_cell_event_nonpadding_received
0000039360143700 circpad_cell_event_nonpadding_sent
0000039871902408 circpad_cell_event_nonpadding_received
0000039659300188 circpad_cell_event_nonpadding_sent
0000039659439256 circpad_cell_event_nonpadding_sent
0000039659510968 circpad_cell_event_nonpadding_sent
0000039659562566 circpad_cell_event_nonpadding_sent
0000039659602375 circpad_cell_event_nonpadding_sent
0000039659639923 circpad_cell_event_nonpadding_sent
0000039659681391 circpad_cell_event_nonpadding_sent
0000039739306161 circpad_cell_event_nonpadding_sent
0000040247001353 circpad_cell_event_nonpadding_received
0000040090932408 circpad_cell_event_nonpadding_sent
0000040588501439 circpad_cell_event_nonpadding_received
0000040342701005 circpad_cell_event_nonpadding_sent
0000040342878112 circpad_cell_event_nonpadding_sent
0000040342927628 circpad_cell_event_nonpadding_sent
0000040342956809 circpad_cell_event_nonpadding_sent
0000040342988456 circpad_cell_event_nonpadding_sent
0000040343029522 circpad_cell_event_nonpadding_sent
0000040343077196 circpad_cell_event_nonpadding_sent
0000040421222451 circpad_cell_event_nonpadding_sent
0000040421404249 circpad_cell_event_nonpadding_sent
0000040421451999 circpad_cell_event_nonpadding_sent
0000040421487644 circpad_cell_event_nonpadding_sent
0000040421580778 circpad_cell_event_nonpadding_sent
0000040426125531 circpad_cell_event_nonpadding_sent
0000040426229102 circpad_cell_event_nonpadding_sent
0000040426274108 circpad_cell_event_nonpadding_sent
0000040426317272 circpad_cell_event_nonpadding_sent
0000040426360368 circpad_cell_event_nonpadding_sent
0000040925727525 circpad_cell_event_nonpadding_received
0000040929524913 circpad_cell_event_nonpadding_received
0000040725504385 circpad_cell_event_nonpadding_sent
0000045955597091 circpad_cell_event_nonpadding_received
0000045945422254 circpad_cell_event_nonpadding_sent
0000046455815267 circpad_cell_event_nonpadding_received
0000046712684546 circpad_cell_event_nonpadding_sent
0000046712767879 circpad_cell_event_nonpadding_sent
0000046712801161 circpad_cell_event_nonpadding_sent
0000046712824794 circpad_cell_event_nonpadding_sent
0000046712846558 circpad_cell_event_nonpadding_sent
0000046712866927 circpad_cell_event_nonpadding_sent
0000046712900816 circpad_cell_event_nonpadding_sent
0000047213721652 circpad_cell_event_nonpadding_received
0000047165584302 circpad_cell_event_nonpadding_sent
0000047663229402 circpad_cell_event_nonpadding_received
0000047627145570 circpad_cell_event_nonpadding_sent
0000047627235982 circpad_cell_event_nonpadding_sent
0000048124988635 circpad_cell_event_nonpadding_received
0000048127783980 circpad_cell_event_nonpadding_received
