0000000077592330 circpad_cell_event_nonpadding_received
0000000077592331 circpad_cell_event_nonpadding_sent
0000000233028479 circpad_cell_event_nonpadding_received
0000000257324589 circpad_cell_event_nonpadding_sent
0000001482672717 circpad_cell_event_nonpadding_received
0000001529007862 circpad_cell_event_nonpadding_sent
0000001685398891 circpad_cell_event_nonpadding_received
0000001685436681 circpad_cell_event_nonpadding_received
0000001730029733 circpad_cell_event_nonpadding_sent
0000001730069396 circpad_cell_event_nonpadding_sent
0000001730077020 circpad_cell_event_nonpadding_sent
0000001730083822 circpad_cell_event_nonpadding_sent
0000001730090355 circpad_cell_event_nonpadding_sent
0000001730096716 circpad_cell_event_nonpadding_sent
0000001730103279 circpad_cell_event_nonpadding_sent
0000001833562573 circpad_cell_event_nonpadding_sent
0000001991562886 circpad_cell_event_nonpadding_received
0000002019680403 circpad_cell_event_nonpadding_sent
0000002175042072 circpad_cell_event_nonpadding_received
0000002236297682 circpad_cell_event_nonpadding_sent
0000002236336695 circpad_cell_event_nonpadding_sent
0000002392946109 circpad_cell_event_nonpadding_received
0000002393250863 circpad_cell_event_nonpadding_received
0000002393273134 circpad_cell_event_nonpadding_received
0000002419543785 circpad_cell_event_nonpadding_sent
0000002574827720 circpad_cell_event_nonpadding_received
0000002541272564 circpad_cell_event_nonpadding_sent
0000002651125711 circpad_cell_event_nonpadding_sent
0000002651161488 circpad_cell_event_nonpadding_sent
0000002806544378 circpad_cell_event_nonpadding_received
0000002822213661 circpad_cell_event_nonpadding_received
0000002970902921 circpad_cell_event_nonpadding_sent
0000003127198052 circpad_cell_event_nonpadding_received
0000003127228899 circpad_cell_event_nonpadding_received
0000003157794774 circpad_cell_event_nonpadding_sent
0000003157826844 circpad_cell_event_nonpadding_sent
0000003157834959 circpad_cell_event_nonpadding_sent
0000003157841671 circpad_cell_event_nonpadding_sent
0000003157848003 circpad_cell_event_nonpadding_sent
0000003157854504 circpad_cell_event_nonpadding_sent
0000003315341315 circpad_cell_event_nonpadding_received
0000003349198583 circpad_cell_event_nonpadding_sent
0000003349249506 circpad_cell_event_nonpadding_sent
0000003505484557 circpad_cell_event_nonpadding_received
0000003505769694 circpad_cell_event_nonpadding_received
0000003505792497 circpad_cell_event_nonpadding_received
0000003672752966 circpad_cell_event_nonpadding_sent
0000003672792718 circpad_cell_event_nonpadding_sent
0000003828036511 circpad_cell_event_nonpadding_received
0000003765590403 circpad_cell_event_nonpadding_sent
0000003765628714 circpad_cell_event_nonpadding_sent
0000003765636438 circpad_cell_event_nonpadding_sent
0000003765642660 circpad_cell_event_nonpadding_sent
0000003765648581 circpad_cell_event_nonpadding_sent
0000003765654301 circpad_cell_event_nonpadding_sent
0000003765659952 circpad_cell_event_nonpadding_sent
0000003767205599 circpad_cell_event_nonpadding_sent
0000003767231265 circpad_cell_event_nonpadding_sent
0000003793461573 circpad_cell_event_nonpadding_sent
0000003793514851 circpad_cell_event_nonpadding_sent
0000003869996912 circpad_cell_event_nonpadding_sent
0000003870032970 circpad_cell_event_nonpadding_sent
0000003870040684 circpad_cell_event_nonpadding_sent
0000003870047577 circpad_cell_event_nonpadding_sent
0000003870053998 circpad_cell_event_nonpadding_sent
0000003870060079 circpad_cell_event_nonpadding_sent
0000003870066130 circpad_cell_event_nonpadding_sent
0000003878796389 circpad_cell_event_nonpadding_sent
0000003878830181 circpad_cell_event_nonpadding_sent
0000003878838737 circpad_cell_event_nonpadding_sent
0000003878844678 circpad_cell_event_nonpadding_sent
0000003878850529 circpad_cell_event_nonpadding_sent
0000003878856530 circpad_cell_event_nonpadding_sent
0000003878862542 circpad_cell_event_nonpadding_sent
0000003878868463 circpad_cell_event_nonpadding_sent
0000003898019351 circpad_cell_event_nonpadding_sent
0000003898048667 circpad_cell_event_nonpadding_sent
0000003898056370 circpad_cell_event_nonpadding_sent
0000003898063664 circpad_cell_event_nonpadding_sent
0000003971206725 circpad_cell_event_nonpadding_sent
0000003971239084 circpad_cell_event_nonpadding_sent
0000003971247681 circpad_cell_event_nonpadding_sent
0000003999344417 circpad_cell_event_nonpadding_sent
0000003999382618 circpad_cell_event_nonpadding_sent
0000003999391004 circpad_cell_event_nonpadding_sent
0000003999397968 circpad_cell_event_nonpadding_sent
0000003999404450 circpad_cell_event_nonpadding_sent
0000003999410580 circpad_cell_event_nonpadding_sent
0000003999416721 circpad_cell_event_nonpadding_sent
0000003999437350 circpad_cell_event_nonpadding_sent
0000004081786651 circpad_cell_event_nonpadding_sent
0000004236918255 circpad_cell_event_nonpadding_received
0000004081820854 circpad_cell_event_nonpadding_sent
0000004081827968 circpad_cell_event_nonpadding_sent
0000004081834350 circpad_cell_event_nonpadding_sent
0000004081840711 circpad_cell_event_nonpadding_sent
0000004081847093 circpad_cell_event_nonpadding_sent
0000004081863863 circpad_cell_event_nonpadding_sent
0000004092566710 circpad_cell_event_nonpadding_sent
0000004092591295 circpad_cell_event_nonpadding_sent
0000004092598237 circpad_cell_event_nonpadding_sent
0000004092604509 circpad_cell_event_nonpadding_sent
0000004092610680 circpad_cell_event_nonpadding_sent
0000004092616872 circpad_cell_event_nonpadding_sent
0000004092623305 circpad_cell_event_nonpadding_sent
0000004098321940 circpad_cell_event_nonpadding_sent
0000004098358860 circpad_cell_event_nonpadding_sent
0000004098367344 circpad_cell_event_nonpadding_sent
0000004098375439 circpad_cell_event_nonpadding_sent
0000004098383554 circpad_cell_event_nonpadding_sent
0000004102040926 circpad_cell_event_nonpadding_sent
0000004102074158 circpad_cell_event_nonpadding_sent
0000004102083375 circpad_cell_event_nonpadding_sent
0000004102090929 circpad_cell_event_nonpadding_sent
0000004102099075 circpad_cell_event_nonpadding_sent
0000004102107539 circpad_cell_event_nonpadding_sent
0000004102115675 circpad_cell_event_nonpadding_sent
0000004260690462 circpad_cell_event_nonpadding_received
0000004261644182 circpad_cell_event_nonpadding_received
0000004267145101 circpad_cell_event_nonpadding_received
0000004276886162 circpad_cell_event_nonpadding_received
0000004126262387 circpad_cell_event_nonpadding_sent
0000004126280652 circpad_cell_event_nonpadding_sent
0000004204044239 circpad_cell_event_nonpadding_sent
0000004204076589 circpad_cell_event_nonpadding_sent
0000004204083452 circpad_cell_event_nonpadding_sent
0000004204089474 circpad_cell_event_nonpadding_sent
0000004204095715 circpad_cell_event_nonpadding_sent
0000004212997701 circpad_cell_event_nonpadding_sent
0000004213016006 circpad_cell_event_nonpadding_sent
0000004368133252 circpad_cell_event_nonpadding_received
0000004213038097 circpad_cell_event_nonpadding_sent
0000004213044157 circpad_cell_event_nonpadding_sent
0000004213049828 circpad_cell_event_nonpadding_sent
0000004213055508 circpad_cell_event_nonpadding_sent
0000004213061319 circpad_cell_event_nonpadding_sent
0000004222221123 circpad_cell_event_nonpadding_sent
0000004222248795 circpad_cell_event_nonpadding_sent
0000004222265526 circpad_cell_event_nonpadding_sent
0000004222271477 circpad_cell_event_nonpadding_sent
0000004222277178 circpad_cell_event_nonpadding_sent
0000004222282758 circpad_cell_event_nonpadding_sent
0000004222288518 circpad_cell_event_nonpadding_sent
0000004222308555 circpad_cell_event_nonpadding_sent
0000004222315919 circpad_cell_event_nonpadding_sent
0000004222323062 circpad_cell_event_nonpadding_sent
0000004318430032 circpad_cell_event_nonpadding_sent
0000004473566936 circpad_cell_event_nonpadding_received
0000004318473504 circpad_cell_event_nonpadding_sent
0000004318479976 circpad_cell_event_nonpadding_sent
0000004318485687 circpad_cell_event_nonpadding_sent
0000004318497317 circpad_cell_event_nonpadding_sent
0000004318503278 circpad_cell_event_nonpadding_sent
0000004346263392 circpad_cell_event_nonpadding_sent
0000004346292105 circpad_cell_event_nonpadding_sent
0000004346298577 circpad_cell_event_nonpadding_sent
0000004346304368 circpad_cell_event_nonpadding_sent
0000004346310128 circpad_cell_event_nonpadding_sent
0000004346315769 circpad_cell_event_nonpadding_sent
0000004346321359 circpad_cell_event_nonpadding_sent
0000004346358679 circpad_cell_event_nonpadding_sent
0000004541960008 circpad_cell_event_nonpadding_sent
0000004541997708 circpad_cell_event_nonpadding_sent
0000004542005343 circpad_cell_event_nonpadding_sent
0000004542011434 circpad_cell_event_nonpadding_sent
0000004542017574 circpad_cell_event_nonpadding_sent
0000004542023475 circpad_cell_event_nonpadding_sent
0000004542029167 circpad_cell_event_nonpadding_sent
0000004542051918 circpad_cell_event_nonpadding_sent
0000004542059222 circpad_cell_event_nonpadding_sent
0000004542065473 circpad_cell_event_nonpadding_sent
0000004542071054 circpad_cell_event_nonpadding_sent
0000004542076615 circpad_cell_event_nonpadding_sent
0000004542082184 circpad_cell_event_nonpadding_sent
0000004542087705 circpad_cell_event_nonpadding_sent
0000004542093195 circpad_cell_event_nonpadding_sent
0000004542141674 circpad_cell_event_nonpadding_sent
0000004542152636 circpad_cell_event_nonpadding_sent
0000004542158567 circpad_cell_event_nonpadding_sent
0000004542164286 circpad_cell_event_nonpadding_sent
0000004542169928 circpad_cell_event_nonpadding_sent
0000004542194512 circpad_cell_event_nonpadding_sent
0000004542201034 circpad_cell_event_nonpadding_sent
0000004542206776 circpad_cell_event_nonpadding_sent
0000004697483277 circpad_cell_event_nonpadding_received
0000004698952882 circpad_cell_event_nonpadding_received
0000004698993888 circpad_cell_event_nonpadding_received
0000004569713930 circpad_cell_event_nonpadding_sent
0000004569763312 circpad_cell_event_nonpadding_sent
0000004569810289 circpad_cell_event_nonpadding_sent
0000004569819887 circpad_cell_event_nonpadding_sent
0000004726126888 circpad_cell_event_nonpadding_received
0000004578600447 circpad_cell_event_nonpadding_sent
0000004578615956 circpad_cell_event_nonpadding_sent
0000004578622518 circpad_cell_event_nonpadding_sent
0000004578628418 circpad_cell_event_nonpadding_sent
0000004578634319 circpad_cell_event_nonpadding_sent
0000004578640270 circpad_cell_event_nonpadding_sent
0000004578646102 circpad_cell_event_nonpadding_sent
0000004597510711 circpad_cell_event_nonpadding_sent
0000004597537339 circpad_cell_event_nonpadding_sent
0000004651269591 circpad_cell_event_nonpadding_sent
0000004651307461 circpad_cell_event_nonpadding_sent
0000004806425308 circpad_cell_event_nonpadding_received
0000004651330534 circpad_cell_event_nonpadding_sent
0000004651336716 circpad_cell_event_nonpadding_sent
0000004651342506 circpad_cell_event_nonpadding_sent
0000004651348087 circpad_cell_event_nonpadding_sent
0000004651354068 circpad_cell_event_nonpadding_sent
0000004681272092 circpad_cell_event_nonpadding_sent
0000004681302108 circpad_cell_event_nonpadding_sent
0000004681309200 circpad_cell_event_nonpadding_sent
0000004681315331 circpad_cell_event_nonpadding_sent
0000004681321222 circpad_cell_event_nonpadding_sent
0000004681326984 circpad_cell_event_nonpadding_sent
0000004681332673 circpad_cell_event_nonpadding_sent
0000004750528928 circpad_cell_event_nonpadding_sent
0000004750561187 circpad_cell_event_nonpadding_sent
0000004750569002 circpad_cell_event_nonpadding_sent
0000004928600195 circpad_cell_event_nonpadding_received
0000004778297394 circpad_cell_event_nonpadding_sent
0000004778325237 circpad_cell_event_nonpadding_sent
0000004778333612 circpad_cell_event_nonpadding_sent
0000004778340775 circpad_cell_event_nonpadding_sent
0000004778347657 circpad_cell_event_nonpadding_sent
0000004778354460 circpad_cell_event_nonpadding_sent
0000004778360973 circpad_cell_event_nonpadding_sent
0000004796323428 circpad_cell_event_nonpadding_sent
0000004796350328 circpad_cell_event_nonpadding_sent
0000004796358363 circpad_cell_event_nonpadding_sent
0000004796365547 circpad_cell_event_nonpadding_sent
0000004806813579 circpad_cell_event_nonpadding_sent
0000004806836342 circpad_cell_event_nonpadding_sent
0000004806844586 circpad_cell_event_nonpadding_sent
0000004806850848 circpad_cell_event_nonpadding_sent
0000004806856729 circpad_cell_event_nonpadding_sent
0000004806862551 circpad_cell_event_nonpadding_sent
0000004806868412 circpad_cell_event_nonpadding_sent
0000004834992820 circpad_cell_event_nonpadding_sent
0000004990143297 circpad_cell_event_nonpadding_received
0000004880159398 circpad_cell_event_nonpadding_sent
0000004880187810 circpad_cell_event_nonpadding_sent
0000004880195284 circpad_cell_event_nonpadding_sent
0000004880201376 circpad_cell_event_nonpadding_sent
0000004880207137 circpad_cell_event_nonpadding_sent
0000004880212836 circpad_cell_event_nonpadding_sent
0000004880218527 circpad_cell_event_nonpadding_sent
0000004912059325 circpad_cell_event_nonpadding_sent
0000004912073110 circpad_cell_event_nonpadding_sent
0000004912091714 circpad_cell_event_nonpadding_sent
0000004912099629 circpad_cell_event_nonpadding_sent
0000004912105551 circpad_cell_event_nonpadding_sent
0000004912111322 circpad_cell_event_nonpadding_sent
0000004912117102 circpad_cell_event_nonpadding_sent
0000004912122733 circpad_cell_event_nonpadding_sent
0000004912128372 circpad_cell_event_nonpadding_sent
0000005067243496 circpad_cell_event_nonpadding_received
0000004939120622 circpad_cell_event_nonpadding_sent
0000004939146359 circpad_cell_event_nonpadding_sent
0000004939154655 circpad_cell_event_nonpadding_sent
0000004939161808 circpad_cell_event_nonpadding_sent
0000004985556675 circpad_cell_event_nonpadding_sent
0000004985580227 circpad_cell_event_nonpadding_sent
0000004985588422 circpad_cell_event_nonpadding_sent
0000004991567891 circpad_cell_event_nonpadding_sent
0000004991590642 circpad_cell_event_nonpadding_sent
0000004991599159 circpad_cell_event_nonpadding_sent
0000004991606031 circpad_cell_event_nonpadding_sent
0000004991612934 circpad_cell_event_nonpadding_sent
0000005019586670 circpad_cell_event_nonpadding_sent
0000005019610045 circpad_cell_event_nonpadding_sent
0000005019618190 circpad_cell_event_nonpadding_sent
0000005019625173 circpad_cell_event_nonpadding_sent
0000005019631844 circpad_cell_event_nonpadding_sent
0000005019637566 circpad_cell_event_nonpadding_sent
0000005019643226 circpad_cell_event_nonpadding_sent
0000005019659996 circpad_cell_event_nonpadding_sent
0000005054471614 circpad_cell_event_nonpadding_sent
0000005054506209 circpad_cell_event_nonpadding_sent
0000005054516898 circpad_cell_event_nonpadding_sent
0000005076764170 circpad_cell_event_nonpadding_sent
0000005076787934 circpad_cell_event_nonpadding_sent
0000005076796110 circpad_cell_event_nonpadding_sent
0000005076803222 circpad_cell_event_nonpadding_sent
0000005076809204 circpad_cell_event_nonpadding_sent
0000005076815004 circpad_cell_event_nonpadding_sent
0000005076820735 circpad_cell_event_nonpadding_sent
0000005082677604 circpad_cell_event_nonpadding_sent
0000005082697551 circpad_cell_event_nonpadding_sent
0000005110444280 circpad_cell_event_nonpadding_sent
0000005110478253 circpad_cell_event_nonpadding_sent
0000005110494562 circpad_cell_event_nonpadding_sent
0000005110504893 circpad_cell_event_nonpadding_sent
0000005110512566 circpad_cell_event_nonpadding_sent
0000005129071938 circpad_cell_event_nonpadding_sent
0000005129094921 circpad_cell_event_nonpadding_sent
0000005129102273 circpad_cell_event_nonpadding_sent
0000005129108956 circpad_cell_event_nonpadding_sent
0000005129115298 circpad_cell_event_nonpadding_sent
0000005129121480 circpad_cell_event_nonpadding_sent
0000005129127780 circpad_cell_event_nonpadding_sent
0000005138220610 circpad_cell_event_nonpadding_sent
0000005138238895 circpad_cell_event_nonpadding_sent
0000005138245688 circpad_cell_event_nonpadding_sent
0000005138252089 circpad_cell_event_nonpadding_sent
0000005211206082 circpad_cell_event_nonpadding_sent
0000005211214196 circpad_cell_event_nonpadding_sent
0000005366329549 circpad_cell_event_nonpadding_received
0000005211232771 circpad_cell_event_nonpadding_sent
0000005211238742 circpad_cell_event_nonpadding_sent
0000005211244432 circpad_cell_event_nonpadding_sent
0000005211250063 circpad_cell_event_nonpadding_sent
0000005232244630 circpad_cell_event_nonpadding_sent
0000005232263375 circpad_cell_event_nonpadding_sent
0000005232269767 circpad_cell_event_nonpadding_sent
0000005232275478 circpad_cell_event_nonpadding_sent
0000005232281328 circpad_cell_event_nonpadding_sent
0000005238713997 circpad_cell_event_nonpadding_sent
0000005238731369 circpad_cell_event_nonpadding_sent
0000005238737529 circpad_cell_event_nonpadding_sent
0000005238743281 circpad_cell_event_nonpadding_sent
0000005238748981 circpad_cell_event_nonpadding_sent
0000005238767685 circpad_cell_event_nonpadding_sent
0000005271382739 circpad_cell_event_nonpadding_sent
0000005271400723 circpad_cell_event_nonpadding_sent
0000005271407054 circpad_cell_event_nonpadding_sent
0000005271412784 circpad_cell_event_nonpadding_sent
0000005271418575 circpad_cell_event_nonpadding_sent
0000005342362571 circpad_cell_event_nonpadding_sent
0000005342396884 circpad_cell_event_nonpadding_sent
0000005342402474 circpad_cell_event_nonpadding_sent
0000005350974268 circpad_cell_event_nonpadding_sent
0000005350994235 circpad_cell_event_nonpadding_sent
0000005350998944 circpad_cell_event_nonpadding_sent
0000005351002961 circpad_cell_event_nonpadding_sent
0000005351006888 circpad_cell_event_nonpadding_sent
0000005351010826 circpad_cell_event_nonpadding_sent
0000005351014683 circpad_cell_event_nonpadding_sent
0000005351062331 circpad_cell_event_nonpadding_sent
0000005351083271 circpad_cell_event_nonpadding_sent
0000005351090684 circpad_cell_event_nonpadding_sent
0000005351097457 circpad_cell_event_nonpadding_sent
0000005506215305 circpad_cell_event_nonpadding_received
0000005351119036 circpad_cell_event_nonpadding_sent
0000005351123505 circpad_cell_event_nonpadding_sent
0000005351127453 circpad_cell_event_nonpadding_sent
0000005351131430 circpad_cell_event_nonpadding_sent
0000005370383715 circpad_cell_event_nonpadding_sent
0000005370409404 circpad_cell_event_nonpadding_sent
0000005370416427 circpad_cell_event_nonpadding_sent
0000005370433148 circpad_cell_event_nonpadding_sent
0000005370440130 circpad_cell_event_nonpadding_sent
0000005525771625 circpad_cell_event_nonpadding_received
0000005438441959 circpad_cell_event_nonpadding_sent
0000005438479058 circpad_cell_event_nonpadding_sent
0000005438485701 circpad_cell_event_nonpadding_sent
0000005438498564 circpad_cell_event_nonpadding_sent
0000005438504556 circpad_cell_event_nonpadding_sent
0000005438510286 circpad_cell_event_nonpadding_sent
0000005438516016 circpad_cell_event_nonpadding_sent
0000005593631090 circpad_cell_event_nonpadding_received
0000005458842516 circpad_cell_event_nonpadding_sent
0000005466342503 circpad_cell_event_nonpadding_sent
0000005466357040 circpad_cell_event_nonpadding_sent
0000005466363212 circpad_cell_event_nonpadding_sent
0000005466368973 circpad_cell_event_nonpadding_sent
0000005466374642 circpad_cell_event_nonpadding_sent
0000005466380223 circpad_cell_event_nonpadding_sent
0000005466385913 circpad_cell_event_nonpadding_sent
0000005466406691 circpad_cell_event_nonpadding_sent
0000005494413662 circpad_cell_event_nonpadding_sent
0000005494432758 circpad_cell_event_nonpadding_sent
0000005494439078 circpad_cell_event_nonpadding_sent
0000005494444819 circpad_cell_event_nonpadding_sent
0000005494450530 circpad_cell_event_nonpadding_sent
0000005494456200 circpad_cell_event_nonpadding_sent
0000005494461982 circpad_cell_event_nonpadding_sent
0000005522601278 circpad_cell_event_nonpadding_sent
0000005522628368 circpad_cell_event_nonpadding_sent
0000005522634850 circpad_cell_event_nonpadding_sent
0000005522640720 circpad_cell_event_nonpadding_sent
0000005550461577 circpad_cell_event_nonpadding_sent
0000005550482305 circpad_cell_event_nonpadding_sent
0000005550500668 circpad_cell_event_nonpadding_sent
0000005550508063 circpad_cell_event_nonpadding_sent
0000005550513843 circpad_cell_event_nonpadding_sent
0000005550519594 circpad_cell_event_nonpadding_sent
0000005583263889 circpad_cell_event_nonpadding_sent
0000005583281120 circpad_cell_event_nonpadding_sent
0000005583287391 circpad_cell_event_nonpadding_sent
0000005583293163 circpad_cell_event_nonpadding_sent
0000005583298824 circpad_cell_event_nonpadding_sent
0000005583304504 circpad_cell_event_nonpadding_sent
0000005583310275 circpad_cell_event_nonpadding_sent
0000005593926198 circpad_cell_event_nonpadding_sent
0000005593943720 circpad_cell_event_nonpadding_sent
0000005593949922 circpad_cell_event_nonpadding_sent
0000005593955683 circpad_cell_event_nonpadding_sent
0000005593961323 circpad_cell_event_nonpadding_sent
0000005593966904 circpad_cell_event_nonpadding_sent
0000005593972565 circpad_cell_event_nonpadding_sent
0000005611528174 circpad_cell_event_nonpadding_sent
0000005611544936 circpad_cell_event_nonpadding_sent
0000005611551237 circpad_cell_event_nonpadding_sent
0000005639841083 circpad_cell_event_nonpadding_sent
0000005639858765 circpad_cell_event_nonpadding_sent
0000005667673318 circpad_cell_event_nonpadding_sent
0000005667692624 circpad_cell_event_nonpadding_sent
0000005667699297 circpad_cell_event_nonpadding_sent
0000005667705178 circpad_cell_event_nonpadding_sent
0000005667710979 circpad_cell_event_nonpadding_sent
0000005822825991 circpad_cell_event_nonpadding_received
0000005667730034 circpad_cell_event_nonpadding_sent
0000005678788208 circpad_cell_event_nonpadding_sent
0000005678824956 circpad_cell_event_nonpadding_sent
0000005678831278 circpad_cell_event_nonpadding_sent
0000005678836979 circpad_cell_event_nonpadding_sent
0000005678842709 circpad_cell_event_nonpadding_sent
0000005678848419 circpad_cell_event_nonpadding_sent
0000005678854111 circpad_cell_event_nonpadding_sent
0000005689410424 circpad_cell_event_nonpadding_sent
0000005689429258 circpad_cell_event_nonpadding_sent
0000005689450197 circpad_cell_event_nonpadding_sent
0000005689462471 circpad_cell_event_nonpadding_sent
0000005696028014 circpad_cell_event_nonpadding_sent
0000005696044685 circpad_cell_event_nonpadding_sent
0000005696050726 circpad_cell_event_nonpadding_sent
0000005696056326 circpad_cell_event_nonpadding_sent
0000005696061977 circpad_cell_event_nonpadding_sent
0000005696067769 circpad_cell_event_nonpadding_sent
0000005731998530 circpad_cell_event_nonpadding_sent
0000005732016522 circpad_cell_event_nonpadding_sent
0000005732022844 circpad_cell_event_nonpadding_sent
0000005732028615 circpad_cell_event_nonpadding_sent
0000005732043624 circpad_cell_event_nonpadding_sent
0000005732049644 circpad_cell_event_nonpadding_sent
0000005732055314 circpad_cell_event_nonpadding_sent
0000005774805802 circpad_cell_event_nonpadding_sent
0000005794856121 circpad_cell_event_nonpadding_sent
0000005794882169 circpad_cell_event_nonpadding_sent
0000005794902275 circpad_cell_event_nonpadding_sent
0000005794915310 circpad_cell_event_nonpadding_sent
0000005794921722 circpad_cell_event_nonpadding_sent
0000005794927563 circpad_cell_event_nonpadding_sent
0000005794957177 circpad_cell_event_nonpadding_sent
0000005794966485 circpad_cell_event_nonpadding_sent
0000005950084113 circpad_cell_event_nonpadding_received
0000005794988555 circpad_cell_event_nonpadding_sent
0000005794995549 circpad_cell_event_nonpadding_sent
0000005795001270 circpad_cell_event_nonpadding_sent
0000005795007030 circpad_cell_event_nonpadding_sent
0000005795012801 circpad_cell_event_nonpadding_sent
0000005802497228 circpad_cell_event_nonpadding_sent
0000005802516093 circpad_cell_event_nonpadding_sent
0000005802522396 circpad_cell_event_nonpadding_sent
0000005802528175 circpad_cell_event_nonpadding_sent
0000005802533876 circpad_cell_event_nonpadding_sent
0000005802539526 circpad_cell_event_nonpadding_sent
0000005802545157 circpad_cell_event_nonpadding_sent
0000005802550979 circpad_cell_event_nonpadding_sent
0000005802568210 circpad_cell_event_nonpadding_sent
0000005863928302 circpad_cell_event_nonpadding_sent
0000005863959110 circpad_cell_event_nonpadding_sent
0000006019075676 circpad_cell_event_nonpadding_received
0000005863977484 circpad_cell_event_nonpadding_sent
0000005863983484 circpad_cell_event_nonpadding_sent
0000005863989086 circpad_cell_event_nonpadding_sent
0000005863994867 circpad_cell_event_nonpadding_sent
0000005891894979 circpad_cell_event_nonpadding_sent
0000005891909675 circpad_cell_event_nonpadding_sent
0000005891913023 circpad_cell_event_nonpadding_sent
0000005891916027 circpad_cell_event_nonpadding_sent
0000005891918954 circpad_cell_event_nonpadding_sent
0000005891922018 circpad_cell_event_nonpadding_sent
0000005908381859 circpad_cell_event_nonpadding_sent
0000005908400484 circpad_cell_event_nonpadding_sent
0000005908407005 circpad_cell_event_nonpadding_sent
0000005908413036 circpad_cell_event_nonpadding_sent
0000005908418877 circpad_cell_event_nonpadding_sent
0000005908424657 circpad_cell_event_nonpadding_sent
0000005908430469 circpad_cell_event_nonpadding_sent
0000005926411479 circpad_cell_event_nonpadding_sent
0000005926440664 circpad_cell_event_nonpadding_sent
0000005926447115 circpad_cell_event_nonpadding_sent
0000005926453057 circpad_cell_event_nonpadding_sent
0000005926458957 circpad_cell_event_nonpadding_sent
0000005926464799 circpad_cell_event_nonpadding_sent
0000005926470609 circpad_cell_event_nonpadding_sent
0000005926493682 circpad_cell_event_nonpadding_sent
0000005926503219 circpad_cell_event_nonpadding_sent
0000005978430201 circpad_cell_event_nonpadding_sent
0000005978472860 circpad_cell_event_nonpadding_sent
0000005978480163 circpad_cell_event_nonpadding_sent
0000005978486185 circpad_cell_event_nonpadding_sent
0000005978515639 circpad_cell_event_nonpadding_sent
0000005978521521 circpad_cell_event_nonpadding_sent
0000005978527532 circpad_cell_event_nonpadding_sent
0000005991291368 circpad_cell_event_nonpadding_sent
0000005991309843 circpad_cell_event_nonpadding_sent
0000005991316195 circpad_cell_event_nonpadding_sent
0000005991322036 circpad_cell_event_nonpadding_sent
0000005991327736 circpad_cell_event_nonpadding_sent
0000005991333426 circpad_cell_event_nonpadding_sent
0000005991339097 circpad_cell_event_nonpadding_sent
0000006006551234 circpad_cell_event_nonpadding_sent
0000006006571993 circpad_cell_event_nonpadding_sent
0000006006578644 circpad_cell_event_nonpadding_sent
0000006023065644 circpad_cell_event_nonpadding_sent
0000006023095080 circpad_cell_event_nonpadding_sent
0000006023101320 circpad_cell_event_nonpadding_sent
0000006023107052 circpad_cell_event_nonpadding_sent
0000006023112701 circpad_cell_event_nonpadding_sent
0000006023118372 circpad_cell_event_nonpadding_sent
0000006023123923 circpad_cell_event_nonpadding_sent
0000006178238945 circpad_cell_event_nonpadding_received
0000006023199673 circpad_cell_event_nonpadding_sent
0000006023211025 circpad_cell_event_nonpadding_sent
0000006023227475 circpad_cell_event_nonpadding_sent
0000006023233707 circpad_cell_event_nonpadding_sent
0000006023239337 circpad_cell_event_nonpadding_sent
0000006023244927 circpad_cell_event_nonpadding_sent
0000006023250537 circpad_cell_event_nonpadding_sent
0000006023256157 circpad_cell_event_nonpadding_sent
0000006050773712 circpad_cell_event_nonpadding_sent
0000006050809147 circpad_cell_event_nonpadding_sent
0000006093482390 circpad_cell_event_nonpadding_sent
0000006093504371 circpad_cell_event_nonpadding_sent
0000006093511273 circpad_cell_event_nonpadding_sent
0000006093517114 circpad_cell_event_nonpadding_sent
0000006093522824 circpad_cell_event_nonpadding_sent
0000006093528525 circpad_cell_event_nonpadding_sent
0000006093534167 circpad_cell_event_nonpadding_sent
0000006093550847 circpad_cell_event_nonpadding_sent
0000006121254916 circpad_cell_event_nonpadding_sent
0000006121290401 circpad_cell_event_nonpadding_sent
0000006121297836 circpad_cell_event_nonpadding_sent
0000006121304609 circpad_cell_event_nonpadding_sent
0000006121311170 circpad_cell_event_nonpadding_sent
0000006121318223 circpad_cell_event_nonpadding_sent
0000006127616001 circpad_cell_event_nonpadding_sent
0000006127634975 circpad_cell_event_nonpadding_sent
0000006127642490 circpad_cell_event_nonpadding_sent
0000006127648971 circpad_cell_event_nonpadding_sent
0000006127655314 circpad_cell_event_nonpadding_sent
0000006127661735 circpad_cell_event_nonpadding_sent
0000006127676803 circpad_cell_event_nonpadding_sent
0000006129164301 circpad_cell_event_nonpadding_sent
0000006129182406 circpad_cell_event_nonpadding_sent
0000006286039908 circpad_cell_event_nonpadding_received
0000006286401029 circpad_cell_event_nonpadding_received
0000006286439280 circpad_cell_event_nonpadding_received
0000006155874898 circpad_cell_event_nonpadding_sent
0000006311018093 circpad_cell_event_nonpadding_received
0000006155931093 circpad_cell_event_nonpadding_sent
0000006155938247 circpad_cell_event_nonpadding_sent
0000006155944498 circpad_cell_event_nonpadding_sent
0000006155950780 circpad_cell_event_nonpadding_sent
0000006155956811 circpad_cell_event_nonpadding_sent
0000006155963283 circpad_cell_event_nonpadding_sent
0000006350439978 circpad_cell_event_nonpadding_received
0000006217322503 circpad_cell_event_nonpadding_sent
0000006217356175 circpad_cell_event_nonpadding_sent
0000006217363248 circpad_cell_event_nonpadding_sent
0000006217369500 circpad_cell_event_nonpadding_sent
0000006217375631 circpad_cell_event_nonpadding_sent
0000006217381683 circpad_cell_event_nonpadding_sent
0000006217387754 circpad_cell_event_nonpadding_sent
0000006245100490 circpad_cell_event_nonpadding_sent
0000006245120446 circpad_cell_event_nonpadding_sent
0000006245127028 circpad_cell_event_nonpadding_sent
0000006245133120 circpad_cell_event_nonpadding_sent
0000006245159568 circpad_cell_event_nonpadding_sent
0000006245166262 circpad_cell_event_nonpadding_sent
0000006245182021 circpad_cell_event_nonpadding_sent
0000006245188292 circpad_cell_event_nonpadding_sent
0000006401463285 circpad_cell_event_nonpadding_received
0000006401493671 circpad_cell_event_nonpadding_received
0000006413851235 circpad_cell_event_nonpadding_received
0000006324082155 circpad_cell_event_nonpadding_sent
0000006479341176 circpad_cell_event_nonpadding_received
0000006363883777 circpad_cell_event_nonpadding_sent
0000006363921376 circpad_cell_event_nonpadding_sent
0000006363928319 circpad_cell_event_nonpadding_sent
0000006363934530 circpad_cell_event_nonpadding_sent
0000006363940641 circpad_cell_event_nonpadding_sent
0000006363946612 circpad_cell_event_nonpadding_sent
0000006363952513 circpad_cell_event_nonpadding_sent
0000006370632741 circpad_cell_event_nonpadding_sent
0000006370656133 circpad_cell_event_nonpadding_sent
0000006370662426 circpad_cell_event_nonpadding_sent
0000006370668176 circpad_cell_event_nonpadding_sent
0000006370673837 circpad_cell_event_nonpadding_sent
0000006370679437 circpad_cell_event_nonpadding_sent
0000006370685008 circpad_cell_event_nonpadding_sent
0000006370691008 circpad_cell_event_nonpadding_sent
0000006427041824 circpad_cell_event_nonpadding_sent
0000006427079093 circpad_cell_event_nonpadding_sent
0000006427087239 circpad_cell_event_nonpadding_sent
0000006427094882 circpad_cell_event_nonpadding_sent
0000006427101485 circpad_cell_event_nonpadding_sent
0000006427107917 circpad_cell_event_nonpadding_sent
0000006582230803 circpad_cell_event_nonpadding_received
0000006427136209 circpad_cell_event_nonpadding_sent
0000006582445361 circpad_cell_event_nonpadding_received
0000006438144569 circpad_cell_event_nonpadding_sent
0000006438185616 circpad_cell_event_nonpadding_sent
0000006455066646 circpad_cell_event_nonpadding_sent
0000006455085271 circpad_cell_event_nonpadding_sent
0000006455091804 circpad_cell_event_nonpadding_sent
0000006455097663 circpad_cell_event_nonpadding_sent
0000006455103434 circpad_cell_event_nonpadding_sent
0000006455109165 circpad_cell_event_nonpadding_sent
0000006455114815 circpad_cell_event_nonpadding_sent
0000006455130524 circpad_cell_event_nonpadding_sent
0000006468730252 circpad_cell_event_nonpadding_sent
0000006468756070 circpad_cell_event_nonpadding_sent
0000006468762451 circpad_cell_event_nonpadding_sent
0000006468768142 circpad_cell_event_nonpadding_sent
0000006468773992 circpad_cell_event_nonpadding_sent
0000006468779853 circpad_cell_event_nonpadding_sent
0000006468785675 circpad_cell_event_nonpadding_sent
0000006468910054 circpad_cell_event_nonpadding_sent
0000006468922028 circpad_cell_event_nonpadding_sent
0000006468928049 circpad_cell_event_nonpadding_sent
0000006468933788 circpad_cell_event_nonpadding_sent
0000006468939529 circpad_cell_event_nonpadding_sent
0000006468945271 circpad_cell_event_nonpadding_sent
0000006468950991 circpad_cell_event_nonpadding_sent
0000006468956621 circpad_cell_event_nonpadding_sent
0000006482850723 circpad_cell_event_nonpadding_sent
0000006482871141 circpad_cell_event_nonpadding_sent
0000006540531726 circpad_cell_event_nonpadding_sent
0000006540571910 circpad_cell_event_nonpadding_sent
0000006540579205 circpad_cell_event_nonpadding_sent
0000006540585906 circpad_cell_event_nonpadding_sent
0000006540592539 circpad_cell_event_nonpadding_sent
0000006540599071 circpad_cell_event_nonpadding_sent
0000006540605633 circpad_cell_event_nonpadding_sent
0000006551250790 circpad_cell_event_nonpadding_sent
0000006551268743 circpad_cell_event_nonpadding_sent
0000006551275045 circpad_cell_event_nonpadding_sent
0000006551280815 circpad_cell_event_nonpadding_sent
0000006551286536 circpad_cell_event_nonpadding_sent
0000006551292126 circpad_cell_event_nonpadding_sent
0000006551298108 circpad_cell_event_nonpadding_sent
0000006551317774 circpad_cell_event_nonpadding_sent
0000006551325018 circpad_cell_event_nonpadding_sent
0000006551331188 circpad_cell_event_nonpadding_sent
0000006551336909 circpad_cell_event_nonpadding_sent
0000006551342470 circpad_cell_event_nonpadding_sent
0000006551348010 circpad_cell_event_nonpadding_sent
0000006551353570 circpad_cell_event_nonpadding_sent
0000006554382838 circpad_cell_event_nonpadding_sent
0000006709513819 circpad_cell_event_nonpadding_received
0000006554419274 circpad_cell_event_nonpadding_sent
0000006589239880 circpad_cell_event_nonpadding_sent
0000006589267640 circpad_cell_event_nonpadding_sent
0000006589285213 circpad_cell_event_nonpadding_sent
0000006589291284 circpad_cell_event_nonpadding_sent
0000006589297026 circpad_cell_event_nonpadding_sent
0000006589302606 circpad_cell_event_nonpadding_sent
0000006589308626 circpad_cell_event_nonpadding_sent
0000006744425542 circpad_cell_event_nonpadding_received
0000006599226436 circpad_cell_event_nonpadding_sent
0000006599244309 circpad_cell_event_nonpadding_sent
0000006599250581 circpad_cell_event_nonpadding_sent
0000006599256192 circpad_cell_event_nonpadding_sent
0000006599261882 circpad_cell_event_nonpadding_sent
0000006599267462 circpad_cell_event_nonpadding_sent
0000006599273124 circpad_cell_event_nonpadding_sent
0000006617135603 circpad_cell_event_nonpadding_sent
0000006617154139 circpad_cell_event_nonpadding_sent
0000006617160651 circpad_cell_event_nonpadding_sent
0000006643560641 circpad_cell_event_nonpadding_sent
0000006643578394 circpad_cell_event_nonpadding_sent
0000006643584726 circpad_cell_event_nonpadding_sent
0000006643590496 circpad_cell_event_nonpadding_sent
0000006643596197 circpad_cell_event_nonpadding_sent
0000006643601877 circpad_cell_event_nonpadding_sent
0000006643608601 circpad_cell_event_nonpadding_sent
0000006646724989 circpad_cell_event_nonpadding_sent
0000006646757479 circpad_cell_event_nonpadding_sent
0000006646765163 circpad_cell_event_nonpadding_sent
0000006646771855 circpad_cell_event_nonpadding_sent
0000006646778558 circpad_cell_event_nonpadding_sent
0000006646826286 circpad_cell_event_nonpadding_sent
0000006804872464 circpad_cell_event_nonpadding_received
0000006884943973 circpad_cell_event_nonpadding_sent
0000006884987002 circpad_cell_event_nonpadding_sent
0000007041388681 circpad_cell_event_nonpadding_received
0000007041737657 circpad_cell_event_nonpadding_received
0000007041767402 circpad_cell_event_nonpadding_received
0000007069876381 circpad_cell_event_nonpadding_sent
0000007225129189 circpad_cell_event_nonpadding_received
0000007184036916 circpad_cell_event_nonpadding_sent
0000007184074516 circpad_cell_event_nonpadding_sent
0000007184085346 circpad_cell_event_nonpadding_sent
0000007184092749 circpad_cell_event_nonpadding_sent
0000007184099883 circpad_cell_event_nonpadding_sent
0000007184106976 circpad_cell_event_nonpadding_sent
0000007184113979 circpad_cell_event_nonpadding_sent
0000007184146469 circpad_cell_event_nonpadding_sent
0000007184156216 circpad_cell_event_nonpadding_sent
0000007184163871 circpad_cell_event_nonpadding_sent
0000007184170875 circpad_cell_event_nonpadding_sent
0000007184177868 circpad_cell_event_nonpadding_sent
0000007184185010 circpad_cell_event_nonpadding_sent
0000007184192124 circpad_cell_event_nonpadding_sent
0000007184199177 circpad_cell_event_nonpadding_sent
0000007184262654 circpad_cell_event_nonpadding_sent
0000007184275658 circpad_cell_event_nonpadding_sent
0000007184282871 circpad_cell_event_nonpadding_sent
0000007184289754 circpad_cell_event_nonpadding_sent
0000007184306184 circpad_cell_event_nonpadding_sent
0000007184312848 circpad_cell_event_nonpadding_sent
0000007184319239 circpad_cell_event_nonpadding_sent
0000007184325630 circpad_cell_event_nonpadding_sent
0000007211933001 circpad_cell_event_nonpadding_sent
0000007211965101 circpad_cell_event_nonpadding_sent
0000007211974287 circpad_cell_event_nonpadding_sent
0000007211980249 circpad_cell_event_nonpadding_sent
0000007211985948 circpad_cell_event_nonpadding_sent
0000007211991659 circpad_cell_event_nonpadding_sent
0000007211997321 circpad_cell_event_nonpadding_sent
0000007212003051 circpad_cell_event_nonpadding_sent
0000007212022197 circpad_cell_event_nonpadding_sent
0000007298150984 circpad_cell_event_nonpadding_sent
0000007298177534 circpad_cell_event_nonpadding_sent
0000007298187181 circpad_cell_event_nonpadding_sent
0000007298193293 circpad_cell_event_nonpadding_sent
0000007298199095 circpad_cell_event_nonpadding_sent
0000007298204884 circpad_cell_event_nonpadding_sent
0000007298210645 circpad_cell_event_nonpadding_sent
0000007298240009 circpad_cell_event_nonpadding_sent
0000007298248656 circpad_cell_event_nonpadding_sent
0000007453364360 circpad_cell_event_nonpadding_received
0000007298268953 circpad_cell_event_nonpadding_sent
0000007298274974 circpad_cell_event_nonpadding_sent
0000007298280595 circpad_cell_event_nonpadding_sent
0000007298286236 circpad_cell_event_nonpadding_sent
0000007298291907 circpad_cell_event_nonpadding_sent
0000007298306484 circpad_cell_event_nonpadding_sent
0000007298389567 circpad_cell_event_nonpadding_sent
0000007298402280 circpad_cell_event_nonpadding_sent
0000007298408241 circpad_cell_event_nonpadding_sent
0000007298413912 circpad_cell_event_nonpadding_sent
0000007298419563 circpad_cell_event_nonpadding_sent
0000007298425204 circpad_cell_event_nonpadding_sent
0000007298430754 circpad_cell_event_nonpadding_sent
0000007298436343 circpad_cell_event_nonpadding_sent
0000007299070400 circpad_cell_event_nonpadding_sent
0000007299086089 circpad_cell_event_nonpadding_sent
0000007299092341 circpad_cell_event_nonpadding_sent
0000007299098191 circpad_cell_event_nonpadding_sent
0000007299104133 circpad_cell_event_nonpadding_sent
0000007299110044 circpad_cell_event_nonpadding_sent
0000007299115935 circpad_cell_event_nonpadding_sent
0000007299121754 circpad_cell_event_nonpadding_sent
0000007299137204 circpad_cell_event_nonpadding_sent
0000007325785404 circpad_cell_event_nonpadding_sent
0000007325803900 circpad_cell_event_nonpadding_sent
0000007325810320 circpad_cell_event_nonpadding_sent
0000007325816171 circpad_cell_event_nonpadding_sent
0000007325821902 circpad_cell_event_nonpadding_sent
0000007325827604 circpad_cell_event_nonpadding_sent
0000007325833393 circpad_cell_event_nonpadding_sent
0000007353785362 circpad_cell_event_nonpadding_sent
0000007353822130 circpad_cell_event_nonpadding_sent
0000007353838962 circpad_cell_event_nonpadding_sent
0000007508956590 circpad_cell_event_nonpadding_received
0000007353861664 circpad_cell_event_nonpadding_sent
0000007353867856 circpad_cell_event_nonpadding_sent
0000007353873966 circpad_cell_event_nonpadding_sent
0000007420616710 circpad_cell_event_nonpadding_sent
0000007420659770 circpad_cell_event_nonpadding_sent
0000007420669447 circpad_cell_event_nonpadding_sent
0000007420675820 circpad_cell_event_nonpadding_sent
0000007420681601 circpad_cell_event_nonpadding_sent
0000007420687400 circpad_cell_event_nonpadding_sent
0000007420693152 circpad_cell_event_nonpadding_sent
0000007420724780 circpad_cell_event_nonpadding_sent
0000007420733536 circpad_cell_event_nonpadding_sent
0000007420739859 circpad_cell_event_nonpadding_sent
0000007420745499 circpad_cell_event_nonpadding_sent
0000007420751139 circpad_cell_event_nonpadding_sent
0000007420756780 circpad_cell_event_nonpadding_sent
0000007420762480 circpad_cell_event_nonpadding_sent
0000007420768091 circpad_cell_event_nonpadding_sent
0000007575907389 circpad_cell_event_nonpadding_received
0000007420858107 circpad_cell_event_nonpadding_sent
0000007420869850 circpad_cell_event_nonpadding_sent
0000007420875800 circpad_cell_event_nonpadding_sent
0000007420881451 circpad_cell_event_nonpadding_sent
0000007420887031 circpad_cell_event_nonpadding_sent
0000007420892582 circpad_cell_event_nonpadding_sent
0000007420898242 circpad_cell_event_nonpadding_sent
0000007420914502 circpad_cell_event_nonpadding_sent
0000007421525274 circpad_cell_event_nonpadding_sent
0000007421542256 circpad_cell_event_nonpadding_sent
0000007421548637 circpad_cell_event_nonpadding_sent
0000007421554619 circpad_cell_event_nonpadding_sent
0000007431365861 circpad_cell_event_nonpadding_sent
0000007431377081 circpad_cell_event_nonpadding_sent
0000007431383203 circpad_cell_event_nonpadding_sent
0000007431389043 circpad_cell_event_nonpadding_sent
0000007431395024 circpad_cell_event_nonpadding_sent
0000007448256761 circpad_cell_event_nonpadding_sent
0000007448273901 circpad_cell_event_nonpadding_sent
0000007448280204 circpad_cell_event_nonpadding_sent
0000007448286085 circpad_cell_event_nonpadding_sent
0000007518549616 circpad_cell_event_nonpadding_sent
0000007518579872 circpad_cell_event_nonpadding_sent
0000007518588038 circpad_cell_event_nonpadding_sent
0000007535019674 circpad_cell_event_nonpadding_sent
0000007535037388 circpad_cell_event_nonpadding_sent
0000007535044231 circpad_cell_event_nonpadding_sent
0000007535050381 circpad_cell_event_nonpadding_sent
0000007535056282 circpad_cell_event_nonpadding_sent
0000007535062124 circpad_cell_event_nonpadding_sent
0000007535067894 circpad_cell_event_nonpadding_sent
0000007546764122 circpad_cell_event_nonpadding_sent
0000007546781253 circpad_cell_event_nonpadding_sent
0000007546787645 circpad_cell_event_nonpadding_sent
0000007546793476 circpad_cell_event_nonpadding_sent
0000007702063936 circpad_cell_event_nonpadding_received
0000007727999346 circpad_cell_event_nonpadding_received
0000007776678397 circpad_cell_event_nonpadding_sent
0000007933006888 circpad_cell_event_nonpadding_received
0000007933032987 circpad_cell_event_nonpadding_received
0000007970216344 circpad_cell_event_nonpadding_sent
0000007970257260 circpad_cell_event_nonpadding_sent
0000007970265444 circpad_cell_event_nonpadding_sent
0000007970272397 circpad_cell_event_nonpadding_sent
0000007970279089 circpad_cell_event_nonpadding_sent
0000007970285561 circpad_cell_event_nonpadding_sent
0000007970292445 circpad_cell_event_nonpadding_sent
0000008127422533 circpad_cell_event_nonpadding_received
0000008169645573 circpad_cell_event_nonpadding_sent
0000008169677252 circpad_cell_event_nonpadding_sent
0000008325964377 circpad_cell_event_nonpadding_received
0000008326271497 circpad_cell_event_nonpadding_received
0000008326294259 circpad_cell_event_nonpadding_received
0000008345771943 circpad_cell_event_nonpadding_sent
0000008501078372 circpad_cell_event_nonpadding_received
0000008493549371 circpad_cell_event_nonpadding_sent
0000008493572696 circpad_cell_event_nonpadding_sent
0000008493580320 circpad_cell_event_nonpadding_sent
0000008493598744 circpad_cell_event_nonpadding_sent
0000008493605465 circpad_cell_event_nonpadding_sent
0000008493611376 circpad_cell_event_nonpadding_sent
0000008493617357 circpad_cell_event_nonpadding_sent
0000008512686045 circpad_cell_event_nonpadding_sent
0000008512717533 circpad_cell_event_nonpadding_sent
0000008512724036 circpad_cell_event_nonpadding_sent
0000008512729866 circpad_cell_event_nonpadding_sent
0000008512735638 circpad_cell_event_nonpadding_sent
0000008512741297 circpad_cell_event_nonpadding_sent
0000008512747589 circpad_cell_event_nonpadding_sent
0000008512778216 circpad_cell_event_nonpadding_sent
0000008512787023 circpad_cell_event_nonpadding_sent
0000008512793153 circpad_cell_event_nonpadding_sent
0000008512798744 circpad_cell_event_nonpadding_sent
0000008512804425 circpad_cell_event_nonpadding_sent
0000008512810156 circpad_cell_event_nonpadding_sent
0000008512815746 circpad_cell_event_nonpadding_sent
0000008524237594 circpad_cell_event_nonpadding_sent
0000008524254075 circpad_cell_event_nonpadding_sent
0000008524260095 circpad_cell_event_nonpadding_sent
0000008524265687 circpad_cell_event_nonpadding_sent
0000008524271237 circpad_cell_event_nonpadding_sent
0000008524276777 circpad_cell_event_nonpadding_sent
0000008524282327 circpad_cell_event_nonpadding_sent
0000008524287907 circpad_cell_event_nonpadding_sent
0000008524303126 circpad_cell_event_nonpadding_sent
0000008531352036 circpad_cell_event_nonpadding_sent
0000008531377093 circpad_cell_event_nonpadding_sent
0000008531383504 circpad_cell_event_nonpadding_sent
0000008531389095 circpad_cell_event_nonpadding_sent
0000008531394645 circpad_cell_event_nonpadding_sent
0000008531400246 circpad_cell_event_nonpadding_sent
0000008531406005 circpad_cell_event_nonpadding_sent
0000008686523253 circpad_cell_event_nonpadding_received
0000008531475073 circpad_cell_event_nonpadding_sent
0000008600906914 circpad_cell_event_nonpadding_sent
0000008600945955 circpad_cell_event_nonpadding_sent
0000008600953108 circpad_cell_event_nonpadding_sent
0000008600958920 circpad_cell_event_nonpadding_sent
0000008756074443 circpad_cell_event_nonpadding_received
0000008600979689 circpad_cell_event_nonpadding_sent
0000008600985690 circpad_cell_event_nonpadding_sent
0000008600991310 circpad_cell_event_nonpadding_sent
0000008610219421 circpad_cell_event_nonpadding_sent
0000008610249948 circpad_cell_event_nonpadding_sent
0000008610257731 circpad_cell_event_nonpadding_sent
0000008610263453 circpad_cell_event_nonpadding_sent
0000008610269103 circpad_cell_event_nonpadding_sent
0000008610274773 circpad_cell_event_nonpadding_sent
0000008610280374 circpad_cell_event_nonpadding_sent
0000008610285954 circpad_cell_event_nonpadding_sent
0000008621032830 circpad_cell_event_nonpadding_sent
0000008621049783 circpad_cell_event_nonpadding_sent
0000008621056003 circpad_cell_event_nonpadding_sent
0000008621099684 circpad_cell_event_nonpadding_sent
0000008621119091 circpad_cell_event_nonpadding_sent
0000008621125181 circpad_cell_event_nonpadding_sent
0000008621130752 circpad_cell_event_nonpadding_sent
0000008621136323 circpad_cell_event_nonpadding_sent
0000008621141953 circpad_cell_event_nonpadding_sent
0000008621156470 circpad_cell_event_nonpadding_sent
0000008629142709 circpad_cell_event_nonpadding_sent
0000008629158708 circpad_cell_event_nonpadding_sent
0000008629164769 circpad_cell_event_nonpadding_sent
0000008629170389 circpad_cell_event_nonpadding_sent
0000008629175970 circpad_cell_event_nonpadding_sent
0000008629181591 circpad_cell_event_nonpadding_sent
0000008629187141 circpad_cell_event_nonpadding_sent
0000008629192912 circpad_cell_event_nonpadding_sent
0000008674009941 circpad_cell_event_nonpadding_sent
0000008674040909 circpad_cell_event_nonpadding_sent
0000008674047801 circpad_cell_event_nonpadding_sent
0000008674053883 circpad_cell_event_nonpadding_sent
0000008674059923 circpad_cell_event_nonpadding_sent
0000008674065704 circpad_cell_event_nonpadding_sent
0000008674071345 circpad_cell_event_nonpadding_sent
0000008698228576 circpad_cell_event_nonpadding_sent
0000008698249806 circpad_cell_event_nonpadding_sent
0000008698256598 circpad_cell_event_nonpadding_sent
0000008698262489 circpad_cell_event_nonpadding_sent
0000008727733784 circpad_cell_event_nonpadding_sent
0000008727761215 circpad_cell_event_nonpadding_sent
0000008727776824 circpad_cell_event_nonpadding_sent
0000008727782816 circpad_cell_event_nonpadding_sent
0000008727788396 circpad_cell_event_nonpadding_sent
0000008727794057 circpad_cell_event_nonpadding_sent
0000008727799697 circpad_cell_event_nonpadding_sent
0000008727816548 circpad_cell_event_nonpadding_sent
0000008728951362 circpad_cell_event_nonpadding_sent
0000008728964055 circpad_cell_event_nonpadding_sent
0000008884084007 circpad_cell_event_nonpadding_received
0000008728988572 circpad_cell_event_nonpadding_sent
0000008728994703 circpad_cell_event_nonpadding_sent
0000008729000384 circpad_cell_event_nonpadding_sent
0000008729006004 circpad_cell_event_nonpadding_sent
0000008729011734 circpad_cell_event_nonpadding_sent
0000008738123429 circpad_cell_event_nonpadding_sent
0000008738138998 circpad_cell_event_nonpadding_sent
0000008738145210 circpad_cell_event_nonpadding_sent
0000008738150860 circpad_cell_event_nonpadding_sent
0000008738156471 circpad_cell_event_nonpadding_sent
0000008738162030 circpad_cell_event_nonpadding_sent
0000008738167601 circpad_cell_event_nonpadding_sent
0000008757494878 circpad_cell_event_nonpadding_sent
0000008757513763 circpad_cell_event_nonpadding_sent
0000008757520426 circpad_cell_event_nonpadding_sent
0000008757526316 circpad_cell_event_nonpadding_sent
0000008757532137 circpad_cell_event_nonpadding_sent
0000008757538068 circpad_cell_event_nonpadding_sent
0000008953786050 circpad_cell_event_nonpadding_received
0000009016501755 circpad_cell_event_nonpadding_received
0000009019431669 circpad_cell_event_nonpadding_received
0000009041651520 circpad_cell_event_nonpadding_sent
0000009197988857 circpad_cell_event_nonpadding_received
0000009198008293 circpad_cell_event_nonpadding_received
0000009158535434 circpad_cell_event_nonpadding_sent
0000009314898510 circpad_cell_event_nonpadding_received
0000009314927835 circpad_cell_event_nonpadding_received
0000009299668972 circpad_cell_event_nonpadding_sent
0000009299706291 circpad_cell_event_nonpadding_sent
0000009299714886 circpad_cell_event_nonpadding_sent
0000009299721740 circpad_cell_event_nonpadding_sent
0000009299728182 circpad_cell_event_nonpadding_sent
0000009299734412 circpad_cell_event_nonpadding_sent
0000009299740924 circpad_cell_event_nonpadding_sent
0000009427047846 circpad_cell_event_nonpadding_sent
0000009583990186 circpad_cell_event_nonpadding_received
0000009584336469 circpad_cell_event_nonpadding_received
0000009584357979 circpad_cell_event_nonpadding_received
0000009581220372 circpad_cell_event_nonpadding_sent
0000009581247442 circpad_cell_event_nonpadding_sent
0000009581254505 circpad_cell_event_nonpadding_sent
0000009581260707 circpad_cell_event_nonpadding_sent
0000009581266538 circpad_cell_event_nonpadding_sent
0000009581272178 circpad_cell_event_nonpadding_sent
0000009581278049 circpad_cell_event_nonpadding_sent
0000009609596517 circpad_cell_event_nonpadding_sent
0000009766405981 circpad_cell_event_nonpadding_received
0000009766731536 circpad_cell_event_nonpadding_received
0000009766750290 circpad_cell_event_nonpadding_received
0000009735384984 circpad_cell_event_nonpadding_sent
0000009890670703 circpad_cell_event_nonpadding_received
0000009786212096 circpad_cell_event_nonpadding_sent
0000009858587054 circpad_cell_event_nonpadding_sent
0000009858615096 circpad_cell_event_nonpadding_sent
0000009858622048 circpad_cell_event_nonpadding_sent
0000010014011660 circpad_cell_event_nonpadding_received
0000010014072102 circpad_cell_event_nonpadding_received
0000010019295908 circpad_cell_event_nonpadding_received
0000009940876243 circpad_cell_event_nonpadding_sent
0000009940895598 circpad_cell_event_nonpadding_sent
0000009940900768 circpad_cell_event_nonpadding_sent
0000009940912040 circpad_cell_event_nonpadding_sent
0000009940916328 circpad_cell_event_nonpadding_sent
0000009940920544 circpad_cell_event_nonpadding_sent
0000010096034486 circpad_cell_event_nonpadding_received
0000009940935643 circpad_cell_event_nonpadding_sent
0000009952777940 circpad_cell_event_nonpadding_sent
0000009952794551 circpad_cell_event_nonpadding_sent
0000009952798789 circpad_cell_event_nonpadding_sent
0000009952802707 circpad_cell_event_nonpadding_sent
0000009952806564 circpad_cell_event_nonpadding_sent
0000009952810421 circpad_cell_event_nonpadding_sent
0000009952814348 circpad_cell_event_nonpadding_sent
0000009952818216 circpad_cell_event_nonpadding_sent
0000009952836370 circpad_cell_event_nonpadding_sent
0000009968656964 circpad_cell_event_nonpadding_sent
0000009968667223 circpad_cell_event_nonpadding_sent
0000009968671360 circpad_cell_event_nonpadding_sent
0000009968675318 circpad_cell_event_nonpadding_sent
0000009968679166 circpad_cell_event_nonpadding_sent
0000009968683033 circpad_cell_event_nonpadding_sent
0000009968686929 circpad_cell_event_nonpadding_sent
0000009968701746 circpad_cell_event_nonpadding_sent
0000010066041153 circpad_cell_event_nonpadding_sent
0000010066079785 circpad_cell_event_nonpadding_sent
0000010066086797 circpad_cell_event_nonpadding_sent
0000010066092759 circpad_cell_event_nonpadding_sent
0000010066098498 circpad_cell_event_nonpadding_sent
0000010066104270 circpad_cell_event_nonpadding_sent
0000010066119428 circpad_cell_event_nonpadding_sent
0000010093864653 circpad_cell_event_nonpadding_sent
0000010249109756 circpad_cell_event_nonpadding_received
0000010177926489 circpad_cell_event_nonpadding_sent
0000010334240154 circpad_cell_event_nonpadding_received
0000010334268277 circpad_cell_event_nonpadding_received
0000010485486913 circpad_cell_event_nonpadding_sent
0000010485517630 circpad_cell_event_nonpadding_sent
0000010485525093 circpad_cell_event_nonpadding_sent
0000010485531906 circpad_cell_event_nonpadding_sent
0000010485538348 circpad_cell_event_nonpadding_sent
0000010485544820 circpad_cell_event_nonpadding_sent
0000010643150370 circpad_cell_event_nonpadding_received
0000010675107216 circpad_cell_event_nonpadding_sent
0000010675145297 circpad_cell_event_nonpadding_sent
