Dec 12 13:02:09.000 [info] circpad_trace_event: timestamp=2769544909 source=client client_circ_id=1 event=circpad_machine_event_circ_added_hop
Dec 12 13:02:09.000 [info] circpad_trace_event: timestamp=2769597081 source=client client_circ_id=1 event=circpad_cell_event_nonpadding_sent
Dec 12 13:02:09.000 [info] circpad_trace_event: timestamp=2769637485 source=client client_circ_id=1 event=circpad_negotiate_logging
Dec 12 13:02:09.000 [info] circpad_trace_event: timestamp=2769656840 source=client client_circ_id=1 event=circpad_machine_event_circ_built
Dec 12 13:02:09.000 [info] circpad_trace_event: timestamp=2769796875 source=client client_circ_id=1 event=circpad_machine_event_circ_has_streams
Dec 12 13:02:09.000 [info] circpad_trace_event: timestamp=2769830007 source=client client_circ_id=1 event=connection_ap_handshake_send_begin 45.33.89.159
Dec 12 13:02:09.000 [info] circpad_trace_event: timestamp=2769852103 source=client client_circ_id=1 event=circpad_cell_event_nonpadding_sent
Dec 12 13:02:09.000 [info] circpad_trace_event: timestamp=2770029132 source=client client_circ_id=1 event=circpad_cell_event_nonpadding_sent
Dec 12 13:02:09.000 [info] circpad_trace_event: timestamp=2770062024 source=client client_circ_id=1 event=circpad_cell_event_nonpadding_sent
Dec 12 13:02:09.000 [info] circpad_trace_event: timestamp=2770084578 source=client client_circ_id=1 event=circpad_cell_event_nonpadding_sent
Dec 12 13:02:09.000 [info] circpad_trace_event: timestamp=2770106190 source=client client_circ_id=1 event=circpad_cell_event_nonpadding_sent
Dec 12 13:02:09.000 [info] circpad_trace_event: timestamp=2770127358 source=client client_circ_id=1 event=circpad_cell_event_nonpadding_sent
Dec 12 13:02:09.000 [info] circpad_trace_event: timestamp=2770146985 source=client client_circ_id=1 event=circpad_cell_event_nonpadding_sent
Dec 12 13:02:09.000 [info] circpad_trace_event: timestamp=2770167191 source=client client_circ_id=1 event=circpad_cell_event_nonpadding_sent
Dec 12 13:02:09.000 [info] circpad_trace_event: timestamp=2770187712 source=client client_circ_id=1 event=circpad_cell_event_nonpadding_sent
Dec 12 13:02:09.000 [info] circpad_trace_event: timestamp=2770208258 source=client client_circ_id=1 event=circpad_cell_event_nonpadding_sent
Dec 12 13:02:09.000 [info] circpad_trace_event: timestamp=2770228213 source=client client_circ_id=1 event=circpad_cell_event_nonpadding_sent
Dec 12 13:02:09.000 [info] circpad_trace_event: timestamp=2770246779 source=client client_circ_id=1 event=circpad_cell_event_nonpadding_sent
Dec 12 13:02:09.000 [info] circpad_trace_event: timestamp=2770267159 source=client client_circ_id=1 event=circpad_cell_event_nonpadding_sent
Dec 12 13:02:09.000 [info] circpad_trace_event: timestamp=2770326042 source=client client_circ_id=1 event=connection_ap_handshake_send_begin 45.33.89.159
Dec 12 13:02:09.000 [info] circpad_trace_event: timestamp=2770455953 source=client client_circ_id=1 event=circpad_cell_event_nonpadding_sent
Dec 12 13:02:09.000 [info] circpad_trace_event: timestamp=2770494757 source=client client_circ_id=1 event=circpad_cell_event_nonpadding_sent
Dec 12 13:02:09.000 [info] circpad_trace_event: timestamp=2770515340 source=client client_circ_id=1 event=circpad_cell_event_nonpadding_sent
Dec 12 13:02:09.000 [info] circpad_trace_event: timestamp=2770567754 source=client client_circ_id=1 event=circpad_cell_event_nonpadding_sent
Dec 12 13:02:09.000 [info] circpad_trace_event: timestamp=2770588615 source=client client_circ_id=1 event=circpad_cell_event_nonpadding_sent
Dec 12 13:02:09.000 [info] circpad_trace_event: timestamp=2770607478 source=client client_circ_id=1 event=circpad_cell_event_nonpadding_sent
Dec 12 13:02:09.000 [info] circpad_trace_event: timestamp=2770626924 source=client client_circ_id=1 event=circpad_cell_event_nonpadding_sent
Dec 12 13:02:09.000 [info] circpad_trace_event: timestamp=2770715659 source=client client_circ_id=1 event=circpad_cell_event_nonpadding_sent
Dec 12 13:02:09.000 [info] circpad_trace_event: timestamp=2770739632 source=client client_circ_id=1 event=circpad_cell_event_nonpadding_sent
Dec 12 13:02:09.000 [info] circpad_trace_event: timestamp=2770766215 source=client client_circ_id=1 event=circpad_cell_event_nonpadding_sent
Dec 12 13:02:09.000 [info] circpad_trace_event: timestamp=2770857605 source=client client_circ_id=1 event=circpad_cell_event_nonpadding_sent
Dec 12 13:02:09.000 [info] circpad_trace_event: timestamp=2770902195 source=client client_circ_id=1 event=circpad_cell_event_nonpadding_sent
Dec 12 13:02:09.000 [info] circpad_trace_event: timestamp=2770926388 source=client client_circ_id=1 event=circpad_cell_event_nonpadding_sent
Dec 12 13:02:09.000 [info] circpad_trace_event: timestamp=2770992873 source=client client_circ_id=1 event=connection_ap_handshake_send_begin 45.33.89.159
Dec 12 13:02:09.000 [info] circpad_trace_event: timestamp=2771014513 source=client client_circ_id=1 event=circpad_cell_event_nonpadding_sent
Dec 12 13:02:09.000 [info] circpad_trace_event: timestamp=2771208304 source=client client_circ_id=1 event=circpad_cell_event_nonpadding_sent
Dec 12 13:02:09.000 [info] circpad_trace_event: timestamp=2771231250 source=client client_circ_id=1 event=circpad_cell_event_nonpadding_sent
Dec 12 13:02:09.000 [info] circpad_trace_event: timestamp=2771251060 source=client client_circ_id=1 event=circpad_cell_event_nonpadding_sent
Dec 12 13:02:09.000 [info] circpad_trace_event: timestamp=2771270567 source=client client_circ_id=1 event=circpad_cell_event_nonpadding_sent
Dec 12 13:02:09.000 [info] circpad_trace_event: timestamp=2771290130 source=client client_circ_id=1 event=circpad_cell_event_nonpadding_sent
Dec 12 13:02:09.000 [info] circpad_trace_event: timestamp=2771308549 source=client client_circ_id=1 event=circpad_cell_event_nonpadding_sent
Dec 12 13:02:09.000 [info] circpad_trace_event: timestamp=2771327590 source=client client_circ_id=1 event=circpad_cell_event_nonpadding_sent
Dec 12 13:02:09.000 [info] circpad_trace_event: timestamp=2771346677 source=client client_circ_id=1 event=circpad_cell_event_nonpadding_sent
Dec 12 13:02:09.000 [info] circpad_trace_event: timestamp=2771366542 source=client client_circ_id=1 event=circpad_cell_event_nonpadding_sent
Dec 12 13:02:09.000 [info] circpad_trace_event: timestamp=2771385266 source=client client_circ_id=1 event=circpad_cell_event_nonpadding_sent
Dec 12 13:02:09.000 [info] circpad_trace_event: timestamp=2771403547 source=client client_circ_id=1 event=circpad_cell_event_nonpadding_sent
Dec 12 13:02:09.000 [info] circpad_trace_event: timestamp=2771527443 source=client client_circ_id=1 event=circpad_cell_event_nonpadding_sent
Dec 12 13:02:09.000 [info] circpad_trace_event: timestamp=2771598799 source=client client_circ_id=1 event=connection_ap_handshake_send_begin 45.33.89.159
Dec 12 13:02:09.000 [info] circpad_trace_event: timestamp=2771619486 source=client client_circ_id=1 event=circpad_cell_event_nonpadding_sent
Dec 12 13:02:09.000 [info] circpad_trace_event: timestamp=2771662440 source=client client_circ_id=1 event=circpad_cell_event_nonpadding_sent
Dec 12 13:02:09.000 [info] circpad_trace_event: timestamp=2858167946 source=client client_circ_id=1 event=circpad_cell_event_nonpadding_received
Dec 12 13:02:09.000 [info] circpad_trace_event: timestamp=2942761251 source=client client_circ_id=1 event=circpad_cell_event_nonpadding_received
Dec 12 13:02:09.000 [info] circpad_trace_event: timestamp=2951561993 source=client client_circ_id=1 event=circpad_cell_event_nonpadding_received
Dec 12 13:02:09.000 [info] circpad_trace_event: timestamp=2951625249 source=client client_circ_id=1 event=circpad_cell_event_nonpadding_received
Dec 12 13:02:09.000 [info] circpad_trace_event: timestamp=2951673899 source=client client_circ_id=1 event=circpad_cell_event_nonpadding_received
Dec 12 13:02:09.000 [info] circpad_trace_event: timestamp=2951700557 source=client client_circ_id=1 event=circpad_cell_event_nonpadding_received
Dec 12 13:02:09.000 [info] circpad_trace_event: timestamp=2951723806 source=client client_circ_id=1 event=circpad_cell_event_nonpadding_received
Dec 12 13:02:09.000 [info] circpad_trace_event: timestamp=2951742876 source=client client_circ_id=1 event=circpad_cell_event_nonpadding_received
Dec 12 13:02:09.000 [info] circpad_trace_event: timestamp=2951756192 source=client client_circ_id=1 event=circpad_cell_event_nonpadding_received
Dec 12 13:02:09.000 [info] circpad_trace_event: timestamp=2952686047 source=client client_circ_id=1 event=circpad_cell_event_nonpadding_received
Dec 12 13:02:09.000 [info] circpad_trace_event: timestamp=2952729323 source=client client_circ_id=1 event=circpad_cell_event_nonpadding_received
Dec 12 13:02:09.000 [info] circpad_trace_event: timestamp=2952753062 source=client client_circ_id=1 event=circpad_cell_event_nonpadding_received
Dec 12 13:02:09.000 [info] circpad_trace_event: timestamp=2952773644 source=client client_circ_id=1 event=circpad_cell_event_nonpadding_received
Dec 12 13:02:09.000 [info] circpad_trace_event: timestamp=2952792728 source=client client_circ_id=1 event=circpad_cell_event_nonpadding_received
Dec 12 13:02:09.000 [info] circpad_trace_event: timestamp=2952812012 source=client client_circ_id=1 event=circpad_cell_event_nonpadding_received
Dec 12 13:02:09.000 [info] circpad_trace_event: timestamp=2952830870 source=client client_circ_id=1 event=circpad_cell_event_nonpadding_received
Dec 12 13:02:09.000 [info] circpad_trace_event: timestamp=2952849146 source=client client_circ_id=1 event=circpad_cell_event_nonpadding_received
Dec 12 13:02:09.000 [info] circpad_trace_event: timestamp=2953603669 source=client client_circ_id=1 event=circpad_cell_event_nonpadding_received
Dec 12 13:02:09.000 [info] circpad_trace_event: timestamp=2953643278 source=client client_circ_id=1 event=circpad_cell_event_nonpadding_received
Dec 12 13:02:09.000 [info] circpad_trace_event: timestamp=2953659865 source=client client_circ_id=1 event=circpad_cell_event_nonpadding_received
Dec 12 13:02:09.000 [info] circpad_trace_event: timestamp=2953672943 source=client client_circ_id=1 event=circpad_cell_event_nonpadding_received
Dec 12 13:02:09.000 [info] circpad_trace_event: timestamp=2953685278 source=client client_circ_id=1 event=circpad_cell_event_nonpadding_received
Dec 12 13:02:09.000 [info] circpad_trace_event: timestamp=2953697226 source=client client_circ_id=1 event=circpad_cell_event_nonpadding_received
Dec 12 13:02:09.000 [info] circpad_trace_event: timestamp=2953709373 source=client client_circ_id=1 event=circpad_cell_event_nonpadding_received
Dec 12 13:02:09.000 [info] circpad_trace_event: timestamp=2953721289 source=client client_circ_id=1 event=circpad_cell_event_nonpadding_received
Dec 12 13:02:09.000 [info] circpad_trace_event: timestamp=3031658432 source=client client_circ_id=1 event=circpad_cell_event_nonpadding_received
Dec 12 13:02:09.000 [info] circpad_trace_event: timestamp=3031912104 source=client client_circ_id=1 event=circpad_cell_event_nonpadding_received
Dec 12 13:02:09.000 [info] circpad_trace_event: timestamp=3031953133 source=client client_circ_id=1 event=circpad_cell_event_nonpadding_received
Dec 12 13:02:09.000 [info] circpad_trace_event: timestamp=3032006657 source=client client_circ_id=1 event=circpad_cell_event_nonpadding_received
Dec 12 13:02:09.000 [info] circpad_trace_event: timestamp=3032027257 source=client client_circ_id=1 event=circpad_cell_event_nonpadding_received
Dec 12 13:02:09.000 [info] circpad_trace_event: timestamp=3032046356 source=client client_circ_id=1 event=circpad_cell_event_nonpadding_received
Dec 12 13:02:09.000 [info] circpad_trace_event: timestamp=3032065226 source=client client_circ_id=1 event=circpad_cell_event_nonpadding_received
Dec 12 13:02:09.000 [info] circpad_trace_event: timestamp=3032104545 source=client client_circ_id=1 event=circpad_cell_event_nonpadding_received
Dec 12 13:02:09.000 [info] circpad_trace_event: timestamp=3032171703 source=client client_circ_id=1 event=circpad_cell_event_nonpadding_received
Dec 12 13:02:09.000 [info] circpad_trace_event: timestamp=3032603859 source=client client_circ_id=1 event=circpad_cell_event_nonpadding_received
Dec 12 13:02:09.000 [info] circpad_trace_event: timestamp=3032643572 source=client client_circ_id=1 event=circpad_cell_event_nonpadding_received
Dec 12 13:02:09.000 [info] circpad_trace_event: timestamp=3032660392 source=client client_circ_id=1 event=circpad_cell_event_nonpadding_received
Dec 12 13:02:09.000 [info] circpad_trace_event: timestamp=3032673378 source=client client_circ_id=1 event=circpad_cell_event_nonpadding_received
Dec 12 13:02:09.000 [info] circpad_trace_event: timestamp=3032685741 source=client client_circ_id=1 event=circpad_cell_event_nonpadding_received
Dec 12 13:02:09.000 [info] circpad_trace_event: timestamp=3032698130 source=client client_circ_id=1 event=circpad_cell_event_nonpadding_received
Dec 12 13:02:09.000 [info] circpad_trace_event: timestamp=3032710321 source=client client_circ_id=1 event=circpad_cell_event_nonpadding_received
Dec 12 13:02:09.000 [info] circpad_trace_event: timestamp=3036530657 source=client client_circ_id=1 event=circpad_cell_event_nonpadding_received
Dec 12 13:02:09.000 [info] circpad_trace_event: timestamp=3036633945 source=client client_circ_id=1 event=circpad_cell_event_nonpadding_received
Dec 12 13:02:09.000 [info] circpad_trace_event: timestamp=3036684927 source=client client_circ_id=1 event=circpad_cell_event_nonpadding_received
Dec 12 13:02:09.000 [info] circpad_trace_event: timestamp=3036738605 source=client client_circ_id=1 event=circpad_cell_event_nonpadding_received
Dec 12 13:02:09.000 [info] circpad_trace_event: timestamp=3036768124 source=client client_circ_id=1 event=circpad_cell_event_nonpadding_received
Dec 12 13:02:09.000 [info] circpad_trace_event: timestamp=3036788003 source=client client_circ_id=1 event=circpad_cell_event_nonpadding_received
Dec 12 13:02:09.000 [info] circpad_trace_event: timestamp=3036805878 source=client client_circ_id=1 event=circpad_cell_event_nonpadding_received
Dec 12 13:02:09.000 [info] circpad_trace_event: timestamp=3036824378 source=client client_circ_id=1 event=circpad_cell_event_nonpadding_received
Dec 12 13:02:09.000 [info] circpad_trace_event: timestamp=3036883276 source=client client_circ_id=1 event=circpad_cell_event_nonpadding_received
Dec 12 13:02:09.000 [info] circpad_trace_event: timestamp=3036907190 source=client client_circ_id=1 event=circpad_cell_event_nonpadding_received
Dec 12 13:02:09.000 [info] circpad_trace_event: timestamp=3036937759 source=client client_circ_id=1 event=circpad_cell_event_nonpadding_received
Dec 12 13:02:09.000 [info] circpad_trace_event: timestamp=3036960167 source=client client_circ_id=1 event=circpad_cell_event_nonpadding_sent
Dec 12 13:02:09.000 [info] circpad_trace_event: timestamp=3037282816 source=client client_circ_id=1 event=circpad_cell_event_nonpadding_received
Dec 12 13:02:09.000 [info] circpad_trace_event: timestamp=3037590180 source=client client_circ_id=1 event=circpad_cell_event_nonpadding_received
Dec 12 13:02:09.000 [info] circpad_trace_event: timestamp=3038274434 source=client client_circ_id=1 event=circpad_cell_event_nonpadding_received
Dec 12 13:02:09.000 [info] circpad_trace_event: timestamp=3038349606 source=client client_circ_id=1 event=circpad_cell_event_nonpadding_received
Dec 12 13:02:09.000 [info] circpad_trace_event: timestamp=3038381208 source=client client_circ_id=1 event=circpad_cell_event_nonpadding_received
Dec 12 13:02:09.000 [info] circpad_trace_event: timestamp=3038406379 source=client client_circ_id=1 event=circpad_cell_event_nonpadding_received
Dec 12 13:02:09.000 [info] circpad_trace_event: timestamp=3045325457 source=client client_circ_id=1 event=circpad_cell_event_nonpadding_received
Dec 12 13:02:09.000 [info] circpad_trace_event: timestamp=3045623272 source=client client_circ_id=1 event=circpad_cell_event_nonpadding_received
Dec 12 13:02:09.000 [info] circpad_trace_event: timestamp=3045656926 source=client client_circ_id=1 event=circpad_cell_event_nonpadding_received
Dec 12 13:02:09.000 [info] circpad_trace_event: timestamp=3045741128 source=client client_circ_id=1 event=circpad_cell_event_nonpadding_received
Dec 12 13:02:09.000 [info] circpad_trace_event: timestamp=3045909480 source=client client_circ_id=1 event=circpad_cell_event_nonpadding_received
Dec 12 13:02:09.000 [info] circpad_trace_event: timestamp=3045994032 source=client client_circ_id=1 event=circpad_cell_event_nonpadding_received
Dec 12 13:02:09.000 [info] circpad_trace_event: timestamp=3046031615 source=client client_circ_id=1 event=circpad_cell_event_nonpadding_received
Dec 12 13:02:09.000 [info] circpad_trace_event: timestamp=3046057294 source=client client_circ_id=1 event=circpad_cell_event_nonpadding_received
Dec 12 13:02:09.000 [info] circpad_trace_event: timestamp=3046079325 source=client client_circ_id=1 event=circpad_cell_event_nonpadding_received
Dec 12 13:02:09.000 [info] circpad_trace_event: timestamp=3046100202 source=client client_circ_id=1 event=circpad_cell_event_nonpadding_received
Dec 12 13:02:09.000 [info] circpad_trace_event: timestamp=3046121358 source=client client_circ_id=1 event=circpad_cell_event_nonpadding_received
Dec 12 13:02:09.000 [info] circpad_trace_event: timestamp=3108305398 source=client client_circ_id=1 event=circpad_cell_event_nonpadding_received
Dec 12 13:02:09.000 [info] circpad_trace_event: timestamp=3108571330 source=client client_circ_id=1 event=circpad_cell_event_nonpadding_received
Dec 12 13:02:09.000 [info] circpad_trace_event: timestamp=3108881682 source=client client_circ_id=1 event=circpad_cell_event_nonpadding_received
Dec 12 13:02:09.000 [info] circpad_trace_event: timestamp=3109403461 source=client client_circ_id=1 event=circpad_cell_event_nonpadding_received
Dec 12 13:02:09.000 [info] circpad_trace_event: timestamp=3110694636 source=client client_circ_id=1 event=circpad_cell_event_nonpadding_received
Dec 12 13:02:09.000 [info] circpad_trace_event: timestamp=3110861609 source=client client_circ_id=1 event=circpad_cell_event_nonpadding_received
Dec 12 13:02:09.000 [info] circpad_trace_event: timestamp=3110915866 source=client client_circ_id=1 event=circpad_cell_event_nonpadding_received
Dec 12 13:02:09.000 [info] circpad_trace_event: timestamp=3110949489 source=client client_circ_id=1 event=circpad_cell_event_nonpadding_received
Dec 12 13:02:09.000 [info] circpad_trace_event: timestamp=3111061549 source=client client_circ_id=1 event=circpad_cell_event_nonpadding_received
Dec 12 13:02:09.000 [info] circpad_trace_event: timestamp=3111101713 source=client client_circ_id=1 event=circpad_cell_event_nonpadding_received
Dec 12 13:02:09.000 [info] circpad_trace_event: timestamp=3111129455 source=client client_circ_id=1 event=circpad_cell_event_nonpadding_received
Dec 12 13:02:09.000 [info] circpad_trace_event: timestamp=3111156382 source=client client_circ_id=1 event=circpad_cell_event_nonpadding_received
Dec 12 13:02:09.000 [info] circpad_trace_event: timestamp=3111268100 source=client client_circ_id=1 event=circpad_cell_event_nonpadding_received
Dec 12 13:02:09.000 [info] circpad_trace_event: timestamp=3111309392 source=client client_circ_id=1 event=circpad_cell_event_nonpadding_received
Dec 12 13:02:09.000 [info] circpad_trace_event: timestamp=3111410148 source=client client_circ_id=1 event=circpad_cell_event_nonpadding_received
Dec 12 13:02:09.000 [info] circpad_trace_event: timestamp=3111452973 source=client client_circ_id=1 event=circpad_cell_event_nonpadding_received
Dec 12 13:02:09.000 [info] circpad_trace_event: timestamp=3111550831 source=client client_circ_id=1 event=circpad_cell_event_nonpadding_received
Dec 12 13:02:09.000 [info] circpad_trace_event: timestamp=3111586665 source=client client_circ_id=1 event=circpad_cell_event_nonpadding_received
Dec 12 13:02:09.000 [info] circpad_trace_event: timestamp=3111606029 source=client client_circ_id=1 event=circpad_cell_event_nonpadding_received
Dec 12 13:02:09.000 [info] circpad_trace_event: timestamp=3111622981 source=client client_circ_id=1 event=circpad_cell_event_nonpadding_received
Dec 12 13:02:09.000 [info] circpad_trace_event: timestamp=3111639496 source=client client_circ_id=1 event=circpad_cell_event_nonpadding_received
Dec 12 13:02:09.000 [info] circpad_trace_event: timestamp=3111655859 source=client client_circ_id=1 event=circpad_cell_event_nonpadding_received
Dec 12 13:02:09.000 [info] circpad_trace_event: timestamp=3111672144 source=client client_circ_id=1 event=circpad_cell_event_nonpadding_received
Dec 12 13:02:09.000 [info] circpad_trace_event: timestamp=3111688545 source=client client_circ_id=1 event=circpad_cell_event_nonpadding_received
Dec 12 13:02:09.000 [info] circpad_trace_event: timestamp=3111732121 source=client client_circ_id=1 event=circpad_cell_event_nonpadding_received
Dec 12 13:02:09.000 [info] circpad_trace_event: timestamp=3111816494 source=client client_circ_id=1 event=circpad_cell_event_nonpadding_received
Dec 12 13:02:09.000 [info] circpad_trace_event: timestamp=3111852840 source=client client_circ_id=1 event=circpad_cell_event_nonpadding_received
Dec 12 13:02:09.000 [info] circpad_trace_event: timestamp=3111914435 source=client client_circ_id=1 event=circpad_cell_event_nonpadding_received
Dec 12 13:02:09.000 [info] circpad_trace_event: timestamp=3111940998 source=client client_circ_id=1 event=circpad_cell_event_nonpadding_received
Dec 12 13:02:09.000 [info] circpad_trace_event: timestamp=3111977273 source=client client_circ_id=1 event=circpad_cell_event_nonpadding_received
Dec 12 13:02:09.000 [info] circpad_trace_event: timestamp=3112027114 source=client client_circ_id=1 event=circpad_cell_event_nonpadding_received
Dec 12 13:02:09.000 [info] circpad_trace_event: timestamp=3112049195 source=client client_circ_id=1 event=circpad_cell_event_nonpadding_received
Dec 12 13:02:09.000 [info] circpad_trace_event: timestamp=3112095516 source=client client_circ_id=1 event=circpad_cell_event_nonpadding_received
Dec 12 13:02:09.000 [info] circpad_trace_event: timestamp=3112124542 source=client client_circ_id=1 event=circpad_cell_event_nonpadding_received
Dec 12 13:02:09.000 [info] circpad_trace_event: timestamp=3112141483 source=client client_circ_id=1 event=circpad_cell_event_nonpadding_sent
Dec 12 13:02:09.000 [info] circpad_trace_event: timestamp=3118088370 source=client client_circ_id=1 event=circpad_cell_event_nonpadding_received
Dec 12 13:02:09.000 [info] circpad_trace_event: timestamp=3118173304 source=client client_circ_id=1 event=circpad_cell_event_nonpadding_received
Dec 12 13:02:09.000 [info] circpad_trace_event: timestamp=3118203288 source=client client_circ_id=1 event=circpad_cell_event_nonpadding_received
Dec 12 13:02:09.000 [info] circpad_trace_event: timestamp=3118226272 source=client client_circ_id=1 event=circpad_cell_event_nonpadding_received
Dec 12 13:02:09.000 [info] circpad_trace_event: timestamp=3118248505 source=client client_circ_id=1 event=circpad_cell_event_nonpadding_received
Dec 12 13:02:09.000 [info] circpad_trace_event: timestamp=3118269783 source=client client_circ_id=1 event=circpad_cell_event_nonpadding_received
Dec 12 13:02:09.000 [info] circpad_trace_event: timestamp=3118290292 source=client client_circ_id=1 event=circpad_cell_event_nonpadding_received
Dec 12 13:02:09.000 [info] circpad_trace_event: timestamp=3118339850 source=client client_circ_id=1 event=circpad_cell_event_nonpadding_sent
Dec 12 13:02:09.000 [info] circpad_trace_event: timestamp=3120087613 source=client client_circ_id=1 event=circpad_cell_event_nonpadding_received
Dec 12 13:02:09.000 [info] circpad_trace_event: timestamp=3120191790 source=client client_circ_id=1 event=circpad_cell_event_nonpadding_received
Dec 12 13:02:09.000 [info] circpad_trace_event: timestamp=3120259047 source=client client_circ_id=1 event=circpad_cell_event_nonpadding_received
Dec 12 13:02:09.000 [info] circpad_trace_event: timestamp=3120288065 source=client client_circ_id=1 event=circpad_cell_event_nonpadding_received
Dec 12 13:02:09.000 [info] circpad_trace_event: timestamp=3120363778 source=client client_circ_id=1 event=circpad_cell_event_nonpadding_received
Dec 12 13:02:09.000 [info] circpad_trace_event: timestamp=3120390093 source=client client_circ_id=1 event=circpad_cell_event_nonpadding_received
Dec 12 13:02:09.000 [info] circpad_trace_event: timestamp=3120410880 source=client client_circ_id=1 event=circpad_cell_event_nonpadding_received
Dec 12 13:02:09.000 [info] circpad_trace_event: timestamp=3120451856 source=client client_circ_id=1 event=circpad_cell_event_nonpadding_received
Dec 12 13:02:09.000 [info] circpad_trace_event: timestamp=3135523418 source=client client_circ_id=1 event=circpad_cell_event_nonpadding_received
Dec 12 13:02:09.000 [info] circpad_trace_event: timestamp=3135574086 source=client client_circ_id=1 event=circpad_cell_event_nonpadding_received
Dec 12 13:02:09.000 [info] circpad_trace_event: timestamp=3135620924 source=client client_circ_id=1 event=circpad_cell_event_nonpadding_received
Dec 12 13:02:09.000 [info] circpad_trace_event: timestamp=3135647181 source=client client_circ_id=1 event=circpad_cell_event_nonpadding_received
Dec 12 13:02:09.000 [info] circpad_trace_event: timestamp=3135661108 source=client client_circ_id=1 event=circpad_cell_event_nonpadding_received
Dec 12 13:02:09.000 [info] circpad_trace_event: timestamp=3135681120 source=client client_circ_id=1 event=circpad_cell_event_nonpadding_received
Dec 12 13:02:09.000 [info] circpad_trace_event: timestamp=3135890143 source=client client_circ_id=1 event=circpad_cell_event_nonpadding_received
Dec 12 13:02:09.000 [info] circpad_trace_event: timestamp=3135944029 source=client client_circ_id=1 event=circpad_cell_event_nonpadding_received
Dec 12 13:02:09.000 [info] circpad_trace_event: timestamp=3136007707 source=client client_circ_id=1 event=circpad_cell_event_nonpadding_received
Dec 12 13:02:09.000 [info] circpad_trace_event: timestamp=3136024801 source=client client_circ_id=1 event=circpad_cell_event_nonpadding_received
Dec 12 13:02:09.000 [info] circpad_trace_event: timestamp=3136038343 source=client client_circ_id=1 event=circpad_cell_event_nonpadding_received
Dec 12 13:02:09.000 [info] circpad_trace_event: timestamp=3152025424 source=client client_circ_id=1 event=circpad_cell_event_nonpadding_received
Dec 12 13:02:09.000 [info] circpad_trace_event: timestamp=3152142305 source=client client_circ_id=1 event=circpad_cell_event_nonpadding_received
Dec 12 13:02:09.000 [info] circpad_trace_event: timestamp=3152185726 source=client client_circ_id=1 event=circpad_cell_event_nonpadding_received
Dec 12 13:02:09.000 [info] circpad_trace_event: timestamp=3152217197 source=client client_circ_id=1 event=circpad_cell_event_nonpadding_received
Dec 12 13:02:09.000 [info] circpad_trace_event: timestamp=3152233836 source=client client_circ_id=1 event=circpad_cell_event_nonpadding_received
Dec 12 13:02:09.000 [info] circpad_trace_event: timestamp=3152246187 source=client client_circ_id=1 event=circpad_cell_event_nonpadding_received
Dec 12 13:02:09.000 [info] circpad_trace_event: timestamp=3152258648 source=client client_circ_id=1 event=circpad_cell_event_nonpadding_received
Dec 12 13:02:09.000 [info] circpad_trace_event: timestamp=3152270861 source=client client_circ_id=1 event=circpad_cell_event_nonpadding_received
Dec 12 13:02:09.000 [info] circpad_trace_event: timestamp=3152353570 source=client client_circ_id=1 event=circpad_cell_event_nonpadding_received
Dec 12 13:02:09.000 [info] circpad_trace_event: timestamp=3152391729 source=client client_circ_id=1 event=circpad_cell_event_nonpadding_received
Dec 12 13:02:09.000 [info] circpad_trace_event: timestamp=3152405680 source=client client_circ_id=1 event=circpad_cell_event_nonpadding_received
Dec 12 13:02:09.000 [info] circpad_trace_event: timestamp=3152417907 source=client client_circ_id=1 event=circpad_cell_event_nonpadding_received
Dec 12 13:02:09.000 [info] circpad_trace_event: timestamp=3152430088 source=client client_circ_id=1 event=circpad_cell_event_nonpadding_received
Dec 12 13:02:09.000 [info] circpad_trace_event: timestamp=3152441893 source=client client_circ_id=1 event=circpad_cell_event_nonpadding_received
Dec 12 13:02:09.000 [info] circpad_trace_event: timestamp=3152453738 source=client client_circ_id=1 event=circpad_cell_event_nonpadding_received
Dec 12 13:02:09.000 [info] circpad_trace_event: timestamp=3152465532 source=client client_circ_id=1 event=circpad_cell_event_nonpadding_received
Dec 12 13:02:09.000 [info] circpad_trace_event: timestamp=3152511162 source=client client_circ_id=1 event=circpad_cell_event_nonpadding_received
Dec 12 13:02:09.000 [info] circpad_trace_event: timestamp=3152535172 source=client client_circ_id=1 event=circpad_cell_event_nonpadding_received
Dec 12 13:02:09.000 [info] circpad_trace_event: timestamp=3152758313 source=client client_circ_id=1 event=circpad_cell_event_nonpadding_received
Dec 12 13:02:09.000 [info] circpad_trace_event: timestamp=3152793234 source=client client_circ_id=1 event=circpad_cell_event_nonpadding_received
Dec 12 13:02:09.000 [info] circpad_trace_event: timestamp=3152808099 source=client client_circ_id=1 event=circpad_cell_event_nonpadding_received
Dec 12 13:02:09.000 [info] circpad_trace_event: timestamp=3152820907 source=client client_circ_id=1 event=circpad_cell_event_nonpadding_received
Dec 12 13:02:09.000 [info] circpad_trace_event: timestamp=3152833215 source=client client_circ_id=1 event=circpad_cell_event_nonpadding_received
Dec 12 13:02:09.000 [info] circpad_trace_event: timestamp=3152846051 source=client client_circ_id=1 event=circpad_cell_event_nonpadding_received
Dec 12 13:02:09.000 [info] circpad_trace_event: timestamp=3152934638 source=client client_circ_id=1 event=circpad_cell_event_nonpadding_received
Dec 12 13:02:09.000 [info] circpad_trace_event: timestamp=3153033174 source=client client_circ_id=1 event=circpad_cell_event_nonpadding_received
Dec 12 13:02:09.000 [info] circpad_trace_event: timestamp=3153056643 source=client client_circ_id=1 event=circpad_cell_event_nonpadding_received
Dec 12 13:02:09.000 [info] circpad_trace_event: timestamp=3153070777 source=client client_circ_id=1 event=circpad_cell_event_nonpadding_received
Dec 12 13:02:09.000 [info] circpad_trace_event: timestamp=3153083588 source=client client_circ_id=1 event=circpad_cell_event_nonpadding_received
Dec 12 13:02:09.000 [info] circpad_trace_event: timestamp=3153095745 source=client client_circ_id=1 event=circpad_cell_event_nonpadding_received
Dec 12 13:02:09.000 [info] circpad_trace_event: timestamp=3153109884 source=client client_circ_id=1 event=circpad_cell_event_nonpadding_received
Dec 12 13:02:09.000 [info] circpad_trace_event: timestamp=3153129565 source=client client_circ_id=1 event=circpad_cell_event_nonpadding_received
Dec 12 13:02:09.000 [info] circpad_trace_event: timestamp=3153170931 source=client client_circ_id=1 event=circpad_cell_event_nonpadding_received
Dec 12 13:02:09.000 [info] circpad_trace_event: timestamp=3153230578 source=client client_circ_id=1 event=circpad_cell_event_nonpadding_received
Dec 12 13:02:09.000 [info] circpad_trace_event: timestamp=3153298023 source=client client_circ_id=1 event=circpad_cell_event_nonpadding_received
Dec 12 13:02:09.000 [info] circpad_trace_event: timestamp=3153319494 source=client client_circ_id=1 event=circpad_cell_event_nonpadding_received
Dec 12 13:02:09.000 [info] circpad_trace_event: timestamp=3153355479 source=client client_circ_id=1 event=circpad_cell_event_nonpadding_received
Dec 12 13:02:09.000 [info] circpad_trace_event: timestamp=3153375986 source=client client_circ_id=1 event=circpad_cell_event_nonpadding_received
Dec 12 13:02:09.000 [info] circpad_trace_event: timestamp=3153394868 source=client client_circ_id=1 event=circpad_cell_event_nonpadding_received
Dec 12 13:02:09.000 [info] circpad_trace_event: timestamp=3153409805 source=client client_circ_id=1 event=circpad_cell_event_nonpadding_received
Dec 12 13:02:09.000 [info] circpad_trace_event: timestamp=3153468070 source=client client_circ_id=1 event=circpad_cell_event_nonpadding_received
Dec 12 13:02:09.000 [info] circpad_trace_event: timestamp=3153497471 source=client client_circ_id=1 event=circpad_cell_event_nonpadding_received
Dec 12 13:02:09.000 [info] circpad_trace_event: timestamp=3153512675 source=client client_circ_id=1 event=circpad_cell_event_nonpadding_received
Dec 12 13:02:09.000 [info] circpad_trace_event: timestamp=3153525266 source=client client_circ_id=1 event=circpad_cell_event_nonpadding_received
Dec 12 13:02:09.000 [info] circpad_trace_event: timestamp=3153537422 source=client client_circ_id=1 event=circpad_cell_event_nonpadding_received
Dec 12 13:02:09.000 [info] circpad_trace_event: timestamp=3153549349 source=client client_circ_id=1 event=circpad_cell_event_nonpadding_received
Dec 12 13:02:09.000 [info] circpad_trace_event: timestamp=3153561087 source=client client_circ_id=1 event=circpad_cell_event_nonpadding_received
Dec 12 13:02:09.000 [info] circpad_trace_event: timestamp=3153572908 source=client client_circ_id=1 event=circpad_cell_event_nonpadding_received
Dec 12 13:02:09.000 [info] circpad_trace_event: timestamp=3153591500 source=client client_circ_id=1 event=circpad_cell_event_nonpadding_sent
Dec 12 13:02:09.000 [info] circpad_trace_event: timestamp=3189006586 source=client client_circ_id=1 event=circpad_cell_event_nonpadding_received
Dec 12 13:02:09.000 [info] circpad_trace_event: timestamp=3189247132 source=client client_circ_id=1 event=circpad_cell_event_nonpadding_received
Dec 12 13:02:09.000 [info] circpad_trace_event: timestamp=3189300345 source=client client_circ_id=1 event=circpad_cell_event_nonpadding_received
Dec 12 13:02:09.000 [info] circpad_trace_event: timestamp=3189358763 source=client client_circ_id=1 event=circpad_cell_event_nonpadding_received
Dec 12 13:02:09.000 [info] circpad_trace_event: timestamp=3189551412 source=client client_circ_id=1 event=circpad_cell_event_nonpadding_received
Dec 12 13:02:09.000 [info] circpad_trace_event: timestamp=3189582955 source=client client_circ_id=1 event=circpad_cell_event_nonpadding_received
Dec 12 13:02:09.000 [info] circpad_trace_event: timestamp=3189714996 source=client client_circ_id=1 event=circpad_cell_event_nonpadding_received
Dec 12 13:02:09.000 [info] circpad_trace_event: timestamp=3189743860 source=client client_circ_id=1 event=circpad_cell_event_nonpadding_received
Dec 12 13:02:09.000 [info] circpad_trace_event: timestamp=3192710736 source=client client_circ_id=1 event=circpad_cell_event_nonpadding_received
Dec 12 13:02:09.000 [info] circpad_trace_event: timestamp=3192966836 source=client client_circ_id=1 event=circpad_cell_event_nonpadding_received
Dec 12 13:02:09.000 [info] circpad_trace_event: timestamp=3193003043 source=client client_circ_id=1 event=circpad_cell_event_nonpadding_received
Dec 12 13:02:09.000 [info] circpad_trace_event: timestamp=3193028024 source=client client_circ_id=1 event=circpad_cell_event_nonpadding_received
Dec 12 13:02:09.000 [info] circpad_trace_event: timestamp=3193063558 source=client client_circ_id=1 event=circpad_cell_event_nonpadding_received
Dec 12 13:02:09.000 [info] circpad_trace_event: timestamp=3193113945 source=client client_circ_id=1 event=circpad_machine_event_circ_has_no_streams
Dec 12 13:02:09.000 [info] circpad_trace_event: timestamp=3479938172 source=client client_circ_id=2 event=circpad_machine_event_circ_added_hop
Dec 12 13:02:09.000 [info] circpad_trace_event: timestamp=3479978094 source=client client_circ_id=2 event=circpad_cell_event_nonpadding_sent
Dec 12 13:02:09.000 [info] circpad_trace_event: timestamp=3480004651 source=client client_circ_id=2 event=circpad_negotiate_logging
Dec 12 13:02:09.000 [info] circpad_trace_event: timestamp=3480118162 source=client client_circ_id=2 event=circpad_cell_event_nonpadding_sent
Dec 12 13:02:10.000 [info] circpad_trace_event: timestamp=3977085420 source=client client_circ_id=2 event=circpad_cell_event_nonpadding_received
Dec 12 13:02:10.000 [info] circpad_trace_event: timestamp=3977949947 source=client client_circ_id=2 event=circpad_machine_event_circ_added_hop
Dec 12 13:02:10.000 [info] circpad_trace_event: timestamp=3978067614 source=client client_circ_id=2 event=circpad_cell_event_nonpadding_sent
Dec 12 13:02:10.000 [info] circpad_trace_event: timestamp=4202109011 source=client client_circ_id=2 event=circpad_cell_event_nonpadding_received
Dec 12 13:02:10.000 [info] circpad_trace_event: timestamp=4203589325 source=client client_circ_id=2 event=circpad_machine_event_circ_added_hop
Dec 12 13:02:10.000 [info] circpad_trace_event: timestamp=4203605231 source=client client_circ_id=2 event=circpad_machine_event_circ_built
Dec 12 13:02:10.000 [info] circpad_trace_event: timestamp=4435733958 source=client client_circ_id=3 event=circpad_machine_event_circ_added_hop
Dec 12 13:02:10.000 [info] circpad_trace_event: timestamp=4435899083 source=client client_circ_id=3 event=circpad_cell_event_nonpadding_sent
Dec 12 13:02:10.000 [info] circpad_trace_event: timestamp=4435939177 source=client client_circ_id=3 event=circpad_negotiate_logging
Dec 12 13:02:10.000 [info] circpad_trace_event: timestamp=4436315761 source=client client_circ_id=3 event=circpad_cell_event_nonpadding_sent
Dec 12 13:02:11.000 [info] circpad_trace_event: timestamp=4612880560 source=client client_circ_id=3 event=circpad_cell_event_nonpadding_received
Dec 12 13:02:11.000 [info] circpad_trace_event: timestamp=4613517207 source=client client_circ_id=3 event=circpad_machine_event_circ_added_hop
Dec 12 13:02:11.000 [info] circpad_trace_event: timestamp=4613735625 source=client client_circ_id=3 event=circpad_cell_event_nonpadding_sent
Dec 12 13:02:11.000 [info] circpad_trace_event: timestamp=4851311724 source=client client_circ_id=3 event=circpad_cell_event_nonpadding_received
Dec 12 13:02:11.000 [info] circpad_trace_event: timestamp=4851933388 source=client client_circ_id=3 event=circpad_machine_event_circ_added_hop
Dec 12 13:02:11.000 [info] circpad_trace_event: timestamp=4851949371 source=client client_circ_id=3 event=circpad_machine_event_circ_built
Dec 12 13:02:11.000 [info] circpad_trace_event: timestamp=5441039981 source=client client_circ_id=4 event=circpad_machine_event_circ_added_hop
Dec 12 13:02:11.000 [info] circpad_trace_event: timestamp=5441085607 source=client client_circ_id=4 event=circpad_cell_event_nonpadding_sent
Dec 12 13:02:11.000 [info] circpad_trace_event: timestamp=5441293880 source=client client_circ_id=4 event=circpad_negotiate_logging
Dec 12 13:02:11.000 [info] circpad_trace_event: timestamp=5441450754 source=client client_circ_id=4 event=circpad_cell_event_nonpadding_sent
Dec 12 13:02:12.000 [info] circpad_trace_event: timestamp=5616478168 source=client client_circ_id=4 event=circpad_cell_event_nonpadding_received
Dec 12 13:02:12.000 [info] circpad_trace_event: timestamp=5617161431 source=client client_circ_id=4 event=circpad_machine_event_circ_added_hop
Dec 12 13:02:12.000 [info] circpad_trace_event: timestamp=5617285958 source=client client_circ_id=4 event=circpad_cell_event_nonpadding_sent
Dec 12 13:02:12.000 [info] circpad_trace_event: timestamp=5819982871 source=client client_circ_id=4 event=circpad_cell_event_nonpadding_received
Dec 12 13:02:12.000 [info] circpad_trace_event: timestamp=5820863765 source=client client_circ_id=4 event=circpad_machine_event_circ_added_hop
Dec 12 13:02:12.000 [info] circpad_trace_event: timestamp=5820873945 source=client client_circ_id=4 event=circpad_machine_event_circ_built
Dec 12 13:02:12.000 [info] circpad_trace_event: timestamp=6447260274 source=client client_circ_id=5 event=circpad_machine_event_circ_added_hop
Dec 12 13:02:12.000 [info] circpad_trace_event: timestamp=6447301663 source=client client_circ_id=5 event=circpad_cell_event_nonpadding_sent
Dec 12 13:02:12.000 [info] circpad_trace_event: timestamp=6447327842 source=client client_circ_id=5 event=circpad_negotiate_logging
Dec 12 13:02:12.000 [info] circpad_trace_event: timestamp=6447439399 source=client client_circ_id=5 event=circpad_cell_event_nonpadding_sent
Dec 12 13:02:13.000 [info] circpad_trace_event: timestamp=6627215663 source=client client_circ_id=5 event=circpad_cell_event_nonpadding_received
Dec 12 13:02:13.000 [info] circpad_trace_event: timestamp=6627958120 source=client client_circ_id=5 event=circpad_machine_event_circ_added_hop
Dec 12 13:02:13.000 [info] circpad_trace_event: timestamp=6628177536 source=client client_circ_id=5 event=circpad_cell_event_nonpadding_sent
Dec 12 13:02:13.000 [info] circpad_trace_event: timestamp=6844798798 source=client client_circ_id=5 event=circpad_cell_event_nonpadding_received
Dec 12 13:02:13.000 [info] circpad_trace_event: timestamp=6845306539 source=client client_circ_id=5 event=circpad_machine_event_circ_added_hop
Dec 12 13:02:13.000 [info] circpad_trace_event: timestamp=6845317096 source=client client_circ_id=5 event=circpad_machine_event_circ_built
Dec 12 13:02:13.000 [info] circpad_trace_event: timestamp=7443119926 source=client client_circ_id=6 event=circpad_machine_event_circ_added_hop
Dec 12 13:02:13.000 [info] circpad_trace_event: timestamp=7443197286 source=client client_circ_id=6 event=circpad_cell_event_nonpadding_sent
Dec 12 13:02:13.000 [info] circpad_trace_event: timestamp=7443224324 source=client client_circ_id=6 event=circpad_negotiate_logging
Dec 12 13:02:13.000 [info] circpad_trace_event: timestamp=7443318404 source=client client_circ_id=6 event=circpad_cell_event_nonpadding_sent
Dec 12 13:02:14.000 [info] circpad_trace_event: timestamp=7614872773 source=client client_circ_id=6 event=circpad_cell_event_nonpadding_received
Dec 12 13:02:14.000 [info] circpad_trace_event: timestamp=7615774375 source=client client_circ_id=6 event=circpad_machine_event_circ_added_hop
Dec 12 13:02:14.000 [info] circpad_trace_event: timestamp=7615943246 source=client client_circ_id=6 event=circpad_cell_event_nonpadding_sent
Dec 12 13:02:14.000 [info] circpad_trace_event: timestamp=7893043408 source=client client_circ_id=6 event=circpad_cell_event_nonpadding_received
Dec 12 13:02:14.000 [info] circpad_trace_event: timestamp=7894011677 source=client client_circ_id=6 event=circpad_machine_event_circ_added_hop
Dec 12 13:02:14.000 [info] circpad_trace_event: timestamp=7894087609 source=client client_circ_id=6 event=circpad_machine_event_circ_built
Dec 12 13:02:49.000 [info] circpad_trace_event: timestamp=42812149515 source=client client_circ_id=2 event=circpad_machine_event_circ_has_streams
Dec 12 13:02:49.000 [info] circpad_trace_event: timestamp=42812225683 source=client client_circ_id=2 event=connection_ap_handshake_send_begin 138.201.14.212
Dec 12 13:02:49.000 [info] circpad_trace_event: timestamp=42812285683 source=client client_circ_id=2 event=circpad_cell_event_nonpadding_sent
Dec 12 13:02:49.000 [info] circpad_trace_event: timestamp=43088635535 source=client client_circ_id=2 event=circpad_cell_event_nonpadding_received
Dec 12 13:02:49.000 [info] circpad_trace_event: timestamp=43103286918 source=client client_circ_id=2 event=circpad_cell_event_nonpadding_sent
Dec 12 13:02:49.000 [info] circpad_trace_event: timestamp=43387792023 source=client client_circ_id=2 event=circpad_cell_event_nonpadding_received
Dec 12 13:02:49.000 [info] circpad_trace_event: timestamp=43387931091 source=client client_circ_id=2 event=circpad_cell_event_nonpadding_received
Dec 12 13:02:49.000 [info] circpad_trace_event: timestamp=43388002803 source=client client_circ_id=2 event=circpad_cell_event_nonpadding_received
Dec 12 13:02:49.000 [info] circpad_trace_event: timestamp=43388054401 source=client client_circ_id=2 event=circpad_cell_event_nonpadding_received
Dec 12 13:02:49.000 [info] circpad_trace_event: timestamp=43388094209 source=client client_circ_id=2 event=circpad_cell_event_nonpadding_received
Dec 12 13:02:49.000 [info] circpad_trace_event: timestamp=43388131757 source=client client_circ_id=2 event=circpad_cell_event_nonpadding_received
Dec 12 13:02:49.000 [info] circpad_trace_event: timestamp=43388173225 source=client client_circ_id=2 event=circpad_cell_event_nonpadding_received
Dec 12 13:02:49.000 [info] circpad_trace_event: timestamp=43467797995 source=client client_circ_id=2 event=circpad_cell_event_nonpadding_received
Dec 12 13:02:49.000 [info] circpad_trace_event: timestamp=43478385862 source=client client_circ_id=2 event=circpad_cell_event_nonpadding_sent
Dec 12 13:02:50.000 [info] circpad_trace_event: timestamp=43559503354 source=client client_circ_id=7 event=circpad_machine_event_circ_added_hop
Dec 12 13:02:50.000 [info] circpad_trace_event: timestamp=43559554666 source=client client_circ_id=7 event=circpad_cell_event_nonpadding_sent
Dec 12 13:02:50.000 [info] circpad_trace_event: timestamp=43559587959 source=client client_circ_id=7 event=circpad_negotiate_logging
Dec 12 13:02:50.000 [info] circpad_trace_event: timestamp=43559669108 source=client client_circ_id=7 event=circpad_cell_event_nonpadding_sent
Dec 12 13:02:50.000 [info] circpad_trace_event: timestamp=43819424242 source=client client_circ_id=2 event=circpad_cell_event_nonpadding_received
Dec 12 13:02:50.000 [info] circpad_trace_event: timestamp=43819885949 source=client client_circ_id=2 event=circpad_cell_event_nonpadding_sent
Dec 12 13:02:50.000 [info] circpad_trace_event: timestamp=43902454770 source=client client_circ_id=7 event=circpad_cell_event_nonpadding_received
Dec 12 13:02:50.000 [info] circpad_trace_event: timestamp=43903289995 source=client client_circ_id=7 event=circpad_machine_event_circ_added_hop
Dec 12 13:02:50.000 [info] circpad_trace_event: timestamp=43903407493 source=client client_circ_id=7 event=circpad_cell_event_nonpadding_sent
Dec 12 13:02:50.000 [info] circpad_trace_event: timestamp=44071192840 source=client client_circ_id=2 event=circpad_cell_event_nonpadding_received
Dec 12 13:02:50.000 [info] circpad_trace_event: timestamp=44071369947 source=client client_circ_id=2 event=circpad_cell_event_nonpadding_received
Dec 12 13:02:50.000 [info] circpad_trace_event: timestamp=44071419462 source=client client_circ_id=2 event=circpad_cell_event_nonpadding_received
Dec 12 13:02:50.000 [info] circpad_trace_event: timestamp=44071448643 source=client client_circ_id=2 event=circpad_cell_event_nonpadding_received
Dec 12 13:02:50.000 [info] circpad_trace_event: timestamp=44071480291 source=client client_circ_id=2 event=circpad_cell_event_nonpadding_received
Dec 12 13:02:50.000 [info] circpad_trace_event: timestamp=44071521356 source=client client_circ_id=2 event=circpad_cell_event_nonpadding_received
Dec 12 13:02:50.000 [info] circpad_trace_event: timestamp=44071569030 source=client client_circ_id=2 event=circpad_cell_event_nonpadding_received
Dec 12 13:02:50.000 [info] circpad_trace_event: timestamp=44149714286 source=client client_circ_id=2 event=circpad_cell_event_nonpadding_received
Dec 12 13:02:50.000 [info] circpad_trace_event: timestamp=44149896084 source=client client_circ_id=2 event=circpad_cell_event_nonpadding_received
Dec 12 13:02:50.000 [info] circpad_trace_event: timestamp=44149943834 source=client client_circ_id=2 event=circpad_cell_event_nonpadding_received
Dec 12 13:02:50.000 [info] circpad_trace_event: timestamp=44149979478 source=client client_circ_id=2 event=circpad_cell_event_nonpadding_received
Dec 12 13:02:50.000 [info] circpad_trace_event: timestamp=44150072613 source=client client_circ_id=2 event=circpad_cell_event_nonpadding_received
Dec 12 13:02:50.000 [info] circpad_trace_event: timestamp=44154617366 source=client client_circ_id=2 event=circpad_cell_event_nonpadding_received
Dec 12 13:02:50.000 [info] circpad_trace_event: timestamp=44154720937 source=client client_circ_id=2 event=circpad_cell_event_nonpadding_received
Dec 12 13:02:50.000 [info] circpad_trace_event: timestamp=44154765942 source=client client_circ_id=2 event=circpad_cell_event_nonpadding_received
Dec 12 13:02:50.000 [info] circpad_trace_event: timestamp=44154809106 source=client client_circ_id=2 event=circpad_cell_event_nonpadding_received
Dec 12 13:02:50.000 [info] circpad_trace_event: timestamp=44154852202 source=client client_circ_id=2 event=circpad_cell_event_nonpadding_received
Dec 12 13:02:50.000 [info] circpad_trace_event: timestamp=44157112035 source=client client_circ_id=2 event=circpad_cell_event_nonpadding_sent
Dec 12 13:02:50.000 [info] circpad_trace_event: timestamp=44157187307 source=client client_circ_id=2 event=circpad_machine_event_circ_has_no_relay_early
Dec 12 13:02:50.000 [info] circpad_trace_event: timestamp=44160909423 source=client client_circ_id=2 event=circpad_cell_event_nonpadding_sent
Dec 12 13:02:50.000 [info] circpad_trace_event: timestamp=44160977783 source=client client_circ_id=2 event=circpad_machine_event_circ_has_no_streams
Dec 12 13:02:50.000 [info] circpad_trace_event: timestamp=44269301506 source=client client_circ_id=7 event=circpad_cell_event_nonpadding_received
Dec 12 13:02:50.000 [info] circpad_trace_event: timestamp=44269925153 source=client client_circ_id=7 event=circpad_machine_event_circ_added_hop
Dec 12 13:02:50.000 [info] circpad_trace_event: timestamp=44269944227 source=client client_circ_id=7 event=circpad_machine_event_circ_built
Dec 12 13:02:50.000 [info] circpad_trace_event: timestamp=44453996220 source=client client_circ_id=2 event=circpad_cell_event_nonpadding_received
Dec 12 13:02:55.000 [info] circpad_trace_event: timestamp=49186915560 source=client client_circ_id=2 event=circpad_machine_event_circ_has_streams
Dec 12 13:02:55.000 [info] circpad_trace_event: timestamp=49186945772 source=client client_circ_id=2 event=connection_ap_handshake_send_begin 173.239.79.196
Dec 12 13:02:55.000 [info] circpad_trace_event: timestamp=49186981601 source=client client_circ_id=2 event=circpad_cell_event_nonpadding_sent
Dec 12 13:02:56.000 [info] circpad_trace_event: timestamp=49673914088 source=client client_circ_id=2 event=circpad_cell_event_nonpadding_received
Dec 12 13:02:56.000 [info] circpad_trace_event: timestamp=49687199777 source=client client_circ_id=2 event=circpad_cell_event_nonpadding_sent
Dec 12 13:02:56.000 [info] circpad_trace_event: timestamp=50441176380 source=client client_circ_id=2 event=circpad_cell_event_nonpadding_received
Dec 12 13:02:56.000 [info] circpad_trace_event: timestamp=50441259713 source=client client_circ_id=2 event=circpad_cell_event_nonpadding_received
Dec 12 13:02:56.000 [info] circpad_trace_event: timestamp=50441292995 source=client client_circ_id=2 event=circpad_cell_event_nonpadding_received
Dec 12 13:02:56.000 [info] circpad_trace_event: timestamp=50441316629 source=client client_circ_id=2 event=circpad_cell_event_nonpadding_received
Dec 12 13:02:56.000 [info] circpad_trace_event: timestamp=50441338393 source=client client_circ_id=2 event=circpad_cell_event_nonpadding_received
Dec 12 13:02:56.000 [info] circpad_trace_event: timestamp=50441358762 source=client client_circ_id=2 event=circpad_cell_event_nonpadding_received
Dec 12 13:02:56.000 [info] circpad_trace_event: timestamp=50441392650 source=client client_circ_id=2 event=circpad_cell_event_nonpadding_received
Dec 12 13:02:56.000 [info] circpad_trace_event: timestamp=50445106162 source=client client_circ_id=2 event=circpad_cell_event_nonpadding_sent
Dec 12 13:02:57.000 [info] circpad_trace_event: timestamp=50894076136 source=client client_circ_id=2 event=circpad_cell_event_nonpadding_received
Dec 12 13:02:57.000 [info] circpad_trace_event: timestamp=50894613912 source=client client_circ_id=2 event=circpad_cell_event_nonpadding_sent
Dec 12 13:02:57.000 [info] circpad_trace_event: timestamp=51355637405 source=client client_circ_id=2 event=circpad_cell_event_nonpadding_received
Dec 12 13:02:57.000 [info] circpad_trace_event: timestamp=51355727816 source=client client_circ_id=2 event=circpad_cell_event_nonpadding_received
Dec 12 13:02:57.000 [info] circpad_trace_event: timestamp=51356373145 source=client client_circ_id=2 event=circpad_cell_event_nonpadding_sent
Dec 12 13:02:57.000 [info] circpad_trace_event: timestamp=51359168489 source=client client_circ_id=2 event=circpad_cell_event_nonpadding_sent
Dec 12 13:02:57.000 [info] circpad_trace_event: timestamp=51359228709 source=client client_circ_id=2 event=circpad_machine_event_circ_has_no_streams
