0000000000000000 circpad_cell_event_nonpadding_received
0000000000054177 circpad_cell_event_nonpadding_sent
0000000000072897 circpad_cell_event_nonpadding_received
0000000000082807 circpad_cell_event_nonpadding_received
0000000000089800 circpad_cell_event_nonpadding_received
0000000000096374 circpad_cell_event_nonpadding_received
0000000000102494 circpad_cell_event_nonpadding_received
0000000083874056 circpad_cell_event_nonpadding_received
0000000083947317 circpad_cell_event_nonpadding_received
0000000083956444 circpad_cell_event_nonpadding_received
0000000083962666 circpad_cell_event_nonpadding_received
0000000083968520 circpad_cell_event_nonpadding_received
0000000083974211 circpad_cell_event_nonpadding_received
0000000083980035 circpad_cell_event_nonpadding_received
0000000083985852 circpad_cell_event_nonpadding_received
0000000084006703 circpad_cell_event_nonpadding_sent
0000000086453543 circpad_cell_event_nonpadding_received
0000000086473341 circpad_cell_event_nonpadding_received
0000000086480239 circpad_cell_event_nonpadding_received
0000000086485976 circpad_cell_event_nonpadding_received
0000000086491644 circpad_cell_event_nonpadding_received
0000000086497270 circpad_cell_event_nonpadding_received
0000000086502901 circpad_cell_event_nonpadding_received
0000000086508541 circpad_cell_event_nonpadding_received
0000000086561929 circpad_cell_event_nonpadding_sent
0000000086579117 circpad_cell_event_nonpadding_sent
0000000086586359 circpad_cell_event_nonpadding_sent
0000000086592621 circpad_cell_event_nonpadding_sent
0000000086598894 circpad_cell_event_nonpadding_sent
0000000086605218 circpad_cell_event_nonpadding_sent
0000000086611686 circpad_cell_event_nonpadding_sent
0000000086618133 circpad_cell_event_nonpadding_sent
0000000086624369 circpad_cell_event_nonpadding_sent
0000000086630581 circpad_cell_event_nonpadding_sent
0000000086636717 circpad_cell_event_nonpadding_sent
0000000086653228 circpad_cell_event_nonpadding_sent
0000000086660084 circpad_cell_event_nonpadding_sent
0000000086666122 circpad_cell_event_nonpadding_sent
0000000086672068 circpad_cell_event_nonpadding_sent
0000000086678049 circpad_cell_event_nonpadding_sent
0000000086684451 circpad_cell_event_nonpadding_sent
0000000086690721 circpad_cell_event_nonpadding_sent
0000000086696948 circpad_cell_event_nonpadding_sent
0000000086703213 circpad_cell_event_nonpadding_sent
0000000086709434 circpad_cell_event_nonpadding_sent
0000000086715507 circpad_cell_event_nonpadding_sent
0000000086721698 circpad_cell_event_nonpadding_sent
0000000086727862 circpad_cell_event_nonpadding_sent
0000000086734074 circpad_cell_event_nonpadding_sent
0000000086740799 circpad_cell_event_nonpadding_sent
0000000086747202 circpad_cell_event_nonpadding_sent
0000000086753455 circpad_cell_event_nonpadding_sent
0000000086759959 circpad_cell_event_nonpadding_sent
0000000086765957 circpad_cell_event_nonpadding_sent
0000000086772376 circpad_cell_event_nonpadding_sent
0000000086778557 circpad_cell_event_nonpadding_sent
0000000086784649 circpad_cell_event_nonpadding_sent
0000000086791008 circpad_cell_event_nonpadding_sent
0000000086797065 circpad_cell_event_nonpadding_sent
0000000086802980 circpad_cell_event_nonpadding_sent
0000000086808933 circpad_cell_event_nonpadding_sent
0000000086814799 circpad_cell_event_nonpadding_sent
0000000086820691 circpad_cell_event_nonpadding_sent
0000000086827091 circpad_cell_event_nonpadding_sent
0000000086846363 circpad_cell_event_nonpadding_sent
0000000086860257 circpad_cell_event_nonpadding_sent
0000000086867157 circpad_cell_event_nonpadding_sent
0000000086904432 circpad_cell_event_nonpadding_sent
0000000086913184 circpad_cell_event_nonpadding_sent
0000000086919728 circpad_cell_event_nonpadding_sent
0000000086926220 circpad_cell_event_nonpadding_sent
0000000086932328 circpad_cell_event_nonpadding_sent
0000000086938552 circpad_cell_event_nonpadding_sent
0000000086945658 circpad_cell_event_nonpadding_sent
0000000086952206 circpad_cell_event_nonpadding_sent
0000000086958248 circpad_cell_event_nonpadding_sent
0000000086964551 circpad_cell_event_nonpadding_sent
0000000086970565 circpad_cell_event_nonpadding_sent
0000000086977759 circpad_cell_event_nonpadding_sent
0000000087077636 circpad_cell_event_nonpadding_received
0000000087088340 circpad_cell_event_nonpadding_received
0000000087094374 circpad_cell_event_nonpadding_received
0000000087100036 circpad_cell_event_nonpadding_received
0000000087105690 circpad_cell_event_nonpadding_received
0000000087117299 circpad_cell_event_nonpadding_sent
0000000087126909 circpad_cell_event_nonpadding_received
0000000087133685 circpad_cell_event_nonpadding_received
0000000087139400 circpad_cell_event_nonpadding_received
0000000087148541 circpad_cell_event_nonpadding_sent
0000000087156238 circpad_cell_event_nonpadding_sent
0000000089399372 circpad_cell_event_nonpadding_received
0000000089424728 circpad_cell_event_nonpadding_sent
0000000089444554 circpad_cell_event_nonpadding_sent
0000000089451930 circpad_cell_event_nonpadding_sent
0000000089458118 circpad_cell_event_nonpadding_sent
0000000089464113 circpad_cell_event_nonpadding_sent
0000000089470085 circpad_cell_event_nonpadding_sent
0000000089476398 circpad_cell_event_nonpadding_sent
0000000089482678 circpad_cell_event_nonpadding_sent
0000000089489071 circpad_cell_event_nonpadding_sent
0000000089495556 circpad_cell_event_nonpadding_sent
0000000089501793 circpad_cell_event_nonpadding_sent
0000000089507944 circpad_cell_event_nonpadding_sent
0000000089514323 circpad_cell_event_nonpadding_sent
0000000089533034 circpad_cell_event_nonpadding_sent
0000000089540003 circpad_cell_event_nonpadding_sent
0000000089546615 circpad_cell_event_nonpadding_sent
0000000089553095 circpad_cell_event_nonpadding_sent
0000000089559587 circpad_cell_event_nonpadding_sent
0000000089566306 circpad_cell_event_nonpadding_sent
0000000089572749 circpad_cell_event_nonpadding_sent
0000000089579036 circpad_cell_event_nonpadding_sent
0000000089585452 circpad_cell_event_nonpadding_sent
0000000089592212 circpad_cell_event_nonpadding_sent
0000000089598617 circpad_cell_event_nonpadding_sent
0000000089605196 circpad_cell_event_nonpadding_sent
0000000089612097 circpad_cell_event_nonpadding_sent
0000000089618226 circpad_cell_event_nonpadding_sent
0000000089624264 circpad_cell_event_nonpadding_sent
0000000089630635 circpad_cell_event_nonpadding_sent
0000000089642014 circpad_cell_event_nonpadding_sent
0000000089648831 circpad_cell_event_nonpadding_sent
0000000089655236 circpad_cell_event_nonpadding_sent
0000000089678492 circpad_cell_event_nonpadding_sent
0000000089688210 circpad_cell_event_nonpadding_sent
0000000089694570 circpad_cell_event_nonpadding_sent
0000000089701111 circpad_cell_event_nonpadding_sent
0000000089707127 circpad_cell_event_nonpadding_sent
0000000089713316 circpad_cell_event_nonpadding_sent
0000000089719640 circpad_cell_event_nonpadding_sent
0000000089726457 circpad_cell_event_nonpadding_sent
0000000089732732 circpad_cell_event_nonpadding_sent
0000000089739175 circpad_cell_event_nonpadding_sent
0000000089745611 circpad_cell_event_nonpadding_sent
0000000089752878 circpad_cell_event_nonpadding_sent
0000000089759236 circpad_cell_event_nonpadding_sent
0000000089765858 circpad_cell_event_nonpadding_sent
0000000089772069 circpad_cell_event_nonpadding_sent
0000000089778380 circpad_cell_event_nonpadding_sent
0000000089784688 circpad_cell_event_nonpadding_sent
0000000089791286 circpad_cell_event_nonpadding_sent
0000000089797516 circpad_cell_event_nonpadding_sent
0000000089803897 circpad_cell_event_nonpadding_sent
0000000089810172 circpad_cell_event_nonpadding_sent
0000000089816206 circpad_cell_event_nonpadding_sent
0000000089822782 circpad_cell_event_nonpadding_sent
0000000089830050 circpad_cell_event_nonpadding_sent
0000000090037589 circpad_cell_event_nonpadding_sent
0000000090081089 circpad_cell_event_nonpadding_sent
0000000090091789 circpad_cell_event_nonpadding_sent
0000000090098290 circpad_cell_event_nonpadding_sent
0000000090104605 circpad_cell_event_nonpadding_sent
0000000090111445 circpad_cell_event_nonpadding_sent
0000000090124416 circpad_cell_event_nonpadding_sent
0000000167918473 circpad_cell_event_nonpadding_received
0000000167962714 circpad_cell_event_nonpadding_received
0000000167970824 circpad_cell_event_nonpadding_received
0000000167976793 circpad_cell_event_nonpadding_received
0000000167982570 circpad_cell_event_nonpadding_received
0000000167988401 circpad_cell_event_nonpadding_received
0000000167994114 circpad_cell_event_nonpadding_received
0000000168070596 circpad_cell_event_nonpadding_received
0000000168081135 circpad_cell_event_nonpadding_received
0000000168107614 circpad_cell_event_nonpadding_sent
0000000168120642 circpad_cell_event_nonpadding_received
0000000170621702 circpad_cell_event_nonpadding_sent
0000000170644403 circpad_cell_event_nonpadding_sent
0000000170651690 circpad_cell_event_nonpadding_sent
0000000170793320 circpad_cell_event_nonpadding_sent
0000000170809674 circpad_cell_event_nonpadding_sent
0000000170816443 circpad_cell_event_nonpadding_sent
0000000170822913 circpad_cell_event_nonpadding_sent
0000000170829069 circpad_cell_event_nonpadding_sent
0000000170835356 circpad_cell_event_nonpadding_sent
0000000170841480 circpad_cell_event_nonpadding_sent
0000000170847979 circpad_cell_event_nonpadding_sent
0000000170871741 circpad_cell_event_nonpadding_sent
0000000170878763 circpad_cell_event_nonpadding_sent
0000000170885066 circpad_cell_event_nonpadding_sent
0000000170891074 circpad_cell_event_nonpadding_sent
0000000170897382 circpad_cell_event_nonpadding_sent
0000000170904000 circpad_cell_event_nonpadding_sent
0000000170910795 circpad_cell_event_nonpadding_sent
0000000170916873 circpad_cell_event_nonpadding_sent
0000000170922878 circpad_cell_event_nonpadding_sent
0000000170928822 circpad_cell_event_nonpadding_sent
0000000170934871 circpad_cell_event_nonpadding_sent
0000000170940864 circpad_cell_event_nonpadding_sent
0000000170947243 circpad_cell_event_nonpadding_sent
0000000170953682 circpad_cell_event_nonpadding_sent
0000000170960130 circpad_cell_event_nonpadding_sent
0000000170966172 circpad_cell_event_nonpadding_sent
0000000170972386 circpad_cell_event_nonpadding_sent
0000000170978602 circpad_cell_event_nonpadding_sent
0000000170984669 circpad_cell_event_nonpadding_sent
0000000170991031 circpad_cell_event_nonpadding_sent
0000000170998395 circpad_cell_event_nonpadding_sent
0000000171004843 circpad_cell_event_nonpadding_sent
0000000171011431 circpad_cell_event_nonpadding_sent
0000000171017920 circpad_cell_event_nonpadding_sent
0000000171023960 circpad_cell_event_nonpadding_sent
0000000171030132 circpad_cell_event_nonpadding_sent
0000000171036252 circpad_cell_event_nonpadding_sent
0000000171042376 circpad_cell_event_nonpadding_sent
0000000171053238 circpad_cell_event_nonpadding_sent
0000000171060153 circpad_cell_event_nonpadding_sent
0000000171066511 circpad_cell_event_nonpadding_sent
0000000171072692 circpad_cell_event_nonpadding_sent
0000000171078746 circpad_cell_event_nonpadding_sent
0000000171084816 circpad_cell_event_nonpadding_sent
0000000171091030 circpad_cell_event_nonpadding_sent
0000000171097230 circpad_cell_event_nonpadding_sent
0000000171103294 circpad_cell_event_nonpadding_sent
0000000171109565 circpad_cell_event_nonpadding_sent
0000000171116106 circpad_cell_event_nonpadding_sent
0000000171122621 circpad_cell_event_nonpadding_sent
0000000171128922 circpad_cell_event_nonpadding_sent
0000000171135033 circpad_cell_event_nonpadding_sent
0000000171141231 circpad_cell_event_nonpadding_sent
0000000171147965 circpad_cell_event_nonpadding_sent
0000000171155153 circpad_cell_event_nonpadding_sent
0000000171317100 circpad_cell_event_nonpadding_sent
0000000171326560 circpad_cell_event_nonpadding_sent
0000000171333487 circpad_cell_event_nonpadding_sent
0000000171340421 circpad_cell_event_nonpadding_sent
0000000171360093 circpad_cell_event_nonpadding_sent
0000000171367437 circpad_cell_event_nonpadding_sent
0000000171373585 circpad_cell_event_nonpadding_sent
0000000171380201 circpad_cell_event_nonpadding_sent
0000000171389841 circpad_cell_event_nonpadding_sent
0000000171402667 circpad_cell_event_nonpadding_sent
0000000261442162 circpad_cell_event_nonpadding_received
0000000337320848 circpad_cell_event_nonpadding_received
0000000349878131 circpad_cell_event_nonpadding_received
0000000499830731 circpad_cell_event_nonpadding_received
