0000000000000000 circpad_negotiate_logging
0000000000049416 circpad_cell_event_nonpadding_received
0000000084325556 circpad_cell_event_nonpadding_sent
0000000168368995 circpad_cell_event_nonpadding_received
0000000168428949 circpad_cell_event_nonpadding_received
0000000261891798 circpad_cell_event_nonpadding_sent
0000097468374450 circpad_cell_event_nonpadding_received
0000097569246318 circpad_cell_event_nonpadding_sent
0000097666159411 circpad_cell_event_nonpadding_received
0000097794472679 circpad_cell_event_nonpadding_sent
0000097794527321 circpad_cell_event_nonpadding_sent
0000097794534119 circpad_cell_event_nonpadding_sent
0000097794539387 circpad_cell_event_nonpadding_sent
0000097794544850 circpad_cell_event_nonpadding_sent
0000097794549764 circpad_cell_event_nonpadding_sent
0000097794555384 circpad_cell_event_nonpadding_sent
0000097874324225 circpad_cell_event_nonpadding_sent
0000097966890790 circpad_cell_event_nonpadding_received
0000098085816678 circpad_cell_event_nonpadding_sent
0000098245869474 circpad_cell_event_nonpadding_received
0000098368174131 circpad_cell_event_nonpadding_sent
0000098368227652 circpad_cell_event_nonpadding_sent
0000098368235165 circpad_cell_event_nonpadding_sent
0000098368240705 circpad_cell_event_nonpadding_sent
0000098368267987 circpad_cell_event_nonpadding_sent
0000098368273549 circpad_cell_event_nonpadding_sent
0000098368279462 circpad_cell_event_nonpadding_sent
0000098368377977 circpad_cell_event_nonpadding_sent
0000098368391772 circpad_cell_event_nonpadding_sent
0000098368396848 circpad_cell_event_nonpadding_sent
0000098368401172 circpad_cell_event_nonpadding_sent
0000098368405436 circpad_cell_event_nonpadding_sent
0000098368409720 circpad_cell_event_nonpadding_sent
0000098368414280 circpad_cell_event_nonpadding_sent
0000098368419624 circpad_cell_event_nonpadding_sent
0000098448875859 circpad_cell_event_nonpadding_sent
0000098448947143 circpad_cell_event_nonpadding_sent
0000098533630023 circpad_cell_event_nonpadding_received
0000098614171074 circpad_cell_event_nonpadding_received
0000098654781131 circpad_cell_event_nonpadding_sent
0000104945137526 circpad_cell_event_nonpadding_received
0000105186228559 circpad_cell_event_nonpadding_sent
0000105301454859 circpad_cell_event_nonpadding_received
0000105564095763 circpad_cell_event_nonpadding_sent
0000105564520180 circpad_cell_event_nonpadding_sent
0000105564528997 circpad_cell_event_nonpadding_sent
0000105564534519 circpad_cell_event_nonpadding_sent
0000105564539776 circpad_cell_event_nonpadding_sent
0000105564562411 circpad_cell_event_nonpadding_sent
0000105564569761 circpad_cell_event_nonpadding_sent
0000105705568854 circpad_cell_event_nonpadding_received
0000105956372707 circpad_cell_event_nonpadding_sent
0000106106691259 circpad_cell_event_nonpadding_received
0000106343692831 circpad_cell_event_nonpadding_sent
0000106343744972 circpad_cell_event_nonpadding_sent
0000106517883699 circpad_cell_event_nonpadding_received
0000106599673906 circpad_cell_event_nonpadding_received
