0000000000000000 circpad_negotiate_logging
0000000000037247 circpad_cell_event_nonpadding_received
0000000004632975 circpad_cell_event_nonpadding_sent
0000097299798037 circpad_cell_event_nonpadding_received
0000097317468032 circpad_cell_event_nonpadding_sent
0000097497550681 circpad_cell_event_nonpadding_received
0000097538252134 circpad_cell_event_nonpadding_sent
0000097538302240 circpad_cell_event_nonpadding_sent
0000097538319818 circpad_cell_event_nonpadding_sent
0000097538331968 circpad_cell_event_nonpadding_sent
0000097538341333 circpad_cell_event_nonpadding_sent
0000097538348818 circpad_cell_event_nonpadding_sent
0000097538388701 circpad_cell_event_nonpadding_sent
0000097538422307 circpad_cell_event_nonpadding_sent
0000097798267307 circpad_cell_event_nonpadding_received
0000097829080234 circpad_cell_event_nonpadding_sent
0000098077260200 circpad_cell_event_nonpadding_received
0000098110300584 circpad_cell_event_nonpadding_sent
0000098110345238 circpad_cell_event_nonpadding_sent
0000098110357530 circpad_cell_event_nonpadding_sent
0000098110365805 circpad_cell_event_nonpadding_sent
0000098110373689 circpad_cell_event_nonpadding_sent
0000098110381059 circpad_cell_event_nonpadding_sent
0000098110388866 circpad_cell_event_nonpadding_sent
0000098110461906 circpad_cell_event_nonpadding_sent
0000098110487937 circpad_cell_event_nonpadding_sent
0000098110498858 circpad_cell_event_nonpadding_sent
0000098110508144 circpad_cell_event_nonpadding_sent
0000098110517715 circpad_cell_event_nonpadding_sent
0000098111847554 circpad_cell_event_nonpadding_sent
0000098111885742 circpad_cell_event_nonpadding_sent
0000098111893835 circpad_cell_event_nonpadding_sent
0000098111899761 circpad_cell_event_nonpadding_sent
0000098111905934 circpad_cell_event_nonpadding_sent
0000098365022732 circpad_cell_event_nonpadding_received
0000098395886374 circpad_cell_event_nonpadding_sent
0000098445572817 circpad_cell_event_nonpadding_received
0000104776510711 circpad_cell_event_nonpadding_received
0000104929021348 circpad_cell_event_nonpadding_sent
0000105133808689 circpad_cell_event_nonpadding_received
0000105309623442 circpad_cell_event_nonpadding_sent
0000105309678506 circpad_cell_event_nonpadding_sent
0000105309688310 circpad_cell_event_nonpadding_sent
0000105309695807 circpad_cell_event_nonpadding_sent
0000105309703228 circpad_cell_event_nonpadding_sent
0000105309710726 circpad_cell_event_nonpadding_sent
0000105309718940 circpad_cell_event_nonpadding_sent
0000105536928051 circpad_cell_event_nonpadding_received
0000105700366340 circpad_cell_event_nonpadding_sent
0000105938074871 circpad_cell_event_nonpadding_received
0000106089986518 circpad_cell_event_nonpadding_sent
0000106090007369 circpad_cell_event_nonpadding_sent
0000106349263072 circpad_cell_event_nonpadding_received
0000106431068461 circpad_cell_event_nonpadding_received
