0000000000000000 circpad_negotiate_logging
0000000000037339 circpad_cell_event_nonpadding_received
0000000010187926 circpad_cell_event_nonpadding_sent
0000063997015933 circpad_cell_event_nonpadding_received
0000064014343851 circpad_cell_event_nonpadding_sent
0000064199186064 circpad_cell_event_nonpadding_received
0000064238185670 circpad_cell_event_nonpadding_sent
0000064238228839 circpad_cell_event_nonpadding_sent
0000064238237211 circpad_cell_event_nonpadding_sent
0000064238242874 circpad_cell_event_nonpadding_sent
0000064238248001 circpad_cell_event_nonpadding_sent
0000064238252756 circpad_cell_event_nonpadding_sent
0000064238257450 circpad_cell_event_nonpadding_sent
0000064238274275 circpad_cell_event_nonpadding_sent
0000064497300495 circpad_cell_event_nonpadding_received
0000064523366739 circpad_cell_event_nonpadding_sent
0000064694191673 circpad_cell_event_nonpadding_received
0000064724740399 circpad_cell_event_nonpadding_sent
0000064724815258 circpad_cell_event_nonpadding_sent
0000064724826382 circpad_cell_event_nonpadding_sent
0000064724835849 circpad_cell_event_nonpadding_sent
0000064724854841 circpad_cell_event_nonpadding_sent
0000064724861341 circpad_cell_event_nonpadding_sent
0000064724866938 circpad_cell_event_nonpadding_sent
0000064724892790 circpad_cell_event_nonpadding_sent
0000064724904478 circpad_cell_event_nonpadding_sent
0000064724911320 circpad_cell_event_nonpadding_sent
0000064724916808 circpad_cell_event_nonpadding_sent
0000064724924284 circpad_cell_event_nonpadding_sent
0000064724933657 circpad_cell_event_nonpadding_sent
0000064724941032 circpad_cell_event_nonpadding_sent
0000064724947959 circpad_cell_event_nonpadding_sent
0000064724992723 circpad_cell_event_nonpadding_sent
0000064725007322 circpad_cell_event_nonpadding_sent
0000065107453811 circpad_cell_event_nonpadding_received
0000065107498835 circpad_cell_event_nonpadding_received
0000079781058170 circpad_cell_event_nonpadding_received
0000079946588609 circpad_cell_event_nonpadding_sent
0000080222596222 circpad_cell_event_nonpadding_received
0000080403898447 circpad_cell_event_nonpadding_sent
0000080403932629 circpad_cell_event_nonpadding_sent
0000080403945209 circpad_cell_event_nonpadding_sent
0000080403953505 circpad_cell_event_nonpadding_sent
0000080403961623 circpad_cell_event_nonpadding_sent
0000080403970398 circpad_cell_event_nonpadding_sent
0000080403981363 circpad_cell_event_nonpadding_sent
0000080623634298 circpad_cell_event_nonpadding_received
0000080902997927 circpad_cell_event_nonpadding_sent
0000081131267256 circpad_cell_event_nonpadding_received
0000081430641954 circpad_cell_event_nonpadding_sent
0000081430677764 circpad_cell_event_nonpadding_sent
0000081640411239 circpad_cell_event_nonpadding_received
0000081720872946 circpad_cell_event_nonpadding_received
